#
# A fatal error has been detected by the Java Runtime Environment:
#
#  SIGILL (0x4) at pc=0x00007fff8a1dd9b9, pid=3116, tid=18691
#
# JRE version: Java(TM) SE Runtime Environment (8.0_20-b26) (build 1.8.0_20-b26)
# Java VM: Java HotSpot(TM) 64-Bit Server VM (25.20-b23 mixed mode bsd-amd64 compressed oops)
# Problematic frame:
# C  [libobjc.A.dylib+0x279b9]  objc_debug_isa_class_mask+0x1
#
# Failed to write core dump. Core dumps have been disabled. To enable core dumping, try "ulimit -c unlimited" before starting Java again
#
# If you would like to submit a bug report, please visit:
#   http://bugreport.sun.com/bugreport/crash.jsp
#

---------------  T H R E A D  ---------------

Current thread (0x00007fa7a5815000):  JavaThread "JDWP Transport Listener: dt_socket" daemon [_thread_in_vm, id=18691, stack(0x0000000128704000,0x0000000128804000)]

siginfo: si_signo: 4 (SIGILL), si_code: 1 (ILL_ILLOPC), si_addr: 0x00007fff8a1dd9b9

Registers:
RAX=0x00007fff7a60a550, RBX=0x00007fff7a60a4d0, RCX=0x000000010f022da3, RDX=0x0000000128803a8b
RSP=0x00000001288039d0, RBP=0x00000001288039e0, RSI=0x00007fa7a5815000, RDI=0x00007fff7a60a4d0
R8 =0x0000000000000000, R9 =0x00007fa7a2d00000, R10=0x0000000000000010, R11=0x00007fa7a2d00000
R12=0x00007fa7a5815000, R13=0x00007fff7a563370, R14=0x00007fff7a563370, R15=0x00007fa7a2d1edf0
RIP=0x00007fff8a1dd9b9, EFLAGS=0x0000000000010202, ERR=0x0000000000000000
  TRAPNO=0x0000000000000006

Top of Stack: (sp=0x00000001288039d0)
0x00000001288039d0:   0000000128803a8b 0000000128803a8b
0x00000001288039e0:   0000000128803a40 000000010ef34ec2
0x00000001288039f0:   00007fa7a5815000 0000000000000000
0x0000000128803a00:   0000000000000000 0000000000000000
0x0000000128803a10:   00007fa7a5815000 00007fa7a5815000
0x0000000128803a20:   0000000128803a8b 0000000128803a90
0x0000000128803a30:   00007fff7a563370 0000000000000004
0x0000000128803a40:   0000000128803a60 000000010db817dc
0x0000000128803a50:   0000000000000001 0000000128803b08
0x0000000128803a60:   0000000128803ad0 000000010db66263
0x0000000128803a70:   0000000128803aa0 00007fa7a2d41210
0x0000000128803a80:   0000000500000032 0000000900803b08
0x0000000128803a90:   0000000000000000 0000000000000000
0x0000000128803aa0:   0000000000000000 0000000128803c90
0x0000000128803ab0:   000000010db88eca 00007fa7a2c1ee50
0x0000000128803ac0:   0000000128803b08 000000010db94588
0x0000000128803ad0:   0000000128803ae0 000000010db6635c
0x0000000128803ae0:   0000000128803d00 000000010db6f8f6
0x0000000128803af0:   00017c0d00000013 00000000000f0200
0x0000000128803b00:   00007fa7a2c1b670 00007fa7a2d49b61
0x0000000128803b10:   00007fa700000197 00007fa7a2d46590
0x0000000128803b20:   00007fa70000012c 0000000128803b58
0x0000000128803b30:   00007fa7a2d46590 00007f0000000000
0x0000000128803b40:   00017c0d0000000f 00007fff00001f80
0x0000000128803b50:   0000000128803b58 a77f000005000000
0x0000000128803b60:   0f0000005069d3a2 69676f6c6f706f74
0x0000000128803b70:   0074726f536c6163 6172474c28190000
0x0000000128803b80:   76616a4c293b6870 4c2f6c6974752f61
0x0000000128803b90:   230000003b747369 3b68706172474c28
0x0000000128803ba0:   752f6176616a4c29 7473694c2f6c6974
0x0000000128803bb0:   7865747265564c3c 00090000003b3e3b
0x0000000128803bc0:   00b822d4a2a77f00 0000736664030000 

Instructions: (pc=0x00007fff8a1dd9b9)
0x00007fff8a1dd999:   00 00 00 00 00 00 00 00 00 00 00 00 00 00 00 00
0x00007fff8a1dd9a9:   00 00 00 00 00 00 00 00 00 00 00 00 00 59 40 f8
0x00007fff8a1dd9b9:   ff ff ff ff ff ff ff 07 00 00 00 00 00 00 00 00
0x00007fff8a1dd9c9:   00 00 00 00 00 00 00 00 00 00 00 00 00 00 5f 00 

Register to memory mapping:

RAX=0x00007fff7a60a550: _NSConcreteGlobalBlock+0x80 in /usr/lib/system/libsystem_blocks.dylib at 0x00007fff8eb07000
RBX=0x00007fff7a60a4d0: _NSConcreteGlobalBlock+0 in /usr/lib/system/libsystem_blocks.dylib at 0x00007fff8eb07000
RCX=0x000000010f022da3: _ZN6Method26checked_resolve_jmethod_idEP10_jmethodID+0x25 in /Library/Java/JavaVirtualMachines/jdk1.8.0_20.jdk/Contents/Home/jre/lib/server/libjvm.dylib at 0x000000010ec00000
RDX=0x0000000128803a8b is pointing into the stack for thread: 0x00007fa7a5815000
RSP=0x00000001288039d0 is pointing into the stack for thread: 0x00007fa7a5815000
RBP=0x00000001288039e0 is pointing into the stack for thread: 0x00007fa7a5815000
RSI=0x00007fa7a5815000 is a thread
RDI=0x00007fff7a60a4d0: _NSConcreteGlobalBlock+0 in /usr/lib/system/libsystem_blocks.dylib at 0x00007fff8eb07000
R8 =0x0000000000000000 is an unknown value
R9 =0x00007fa7a2d00000 is an unknown value
R10=0x0000000000000010 is an unknown value
R11=0x00007fa7a2d00000 is an unknown value
R12=0x00007fa7a5815000 is a thread
R13=0x00007fff7a563370: __block_literal_global+0 in /System/Library/Frameworks/CoreFoundation.framework/Versions/A/CoreFoundation at 0x00007fff8e39a000
R14=0x00007fff7a563370: __block_literal_global+0 in /System/Library/Frameworks/CoreFoundation.framework/Versions/A/CoreFoundation at 0x00007fff8e39a000
R15=0x00007fa7a2d1edf0 is an unknown value


Stack: [0x0000000128704000,0x0000000128804000],  sp=0x00000001288039d0,  free space=1022k
Native frames: (J=compiled Java code, j=interpreted, Vv=VM code, C=native code)
C  [libobjc.A.dylib+0x279b9]  objc_debug_isa_class_mask+0x1
V  [libjvm.dylib+0x334ec2]
C  [libjdwp.dylib+0x207dc]  isMethodSynthetic+0x63
C  [libjdwp.dylib+0x5263]  methods1+0x10b
C  [libjdwp.dylib+0x535c]  methodsWithGeneric+0xe
C  [libjdwp.dylib+0xe8f6]  debugLoop_run+0x1ce
C  [libjdwp.dylib+0x1f716]  attachThread+0x4d
V  [libjvm.dylib+0x375f22]
V  [libjvm.dylib+0x535a51]
V  [libjvm.dylib+0x537194]
V  [libjvm.dylib+0x45d35a]
C  [libsystem_pthread.dylib+0x3268]  _pthread_body+0x83
C  [libsystem_pthread.dylib+0x31e5]  _pthread_body+0x0
C  [libsystem_pthread.dylib+0x141d]  thread_start+0xd
C  0x0000000000000000


---------------  P R O C E S S  ---------------

Java Threads: ( => current thread )
  0x00007fa7a308d000 JavaThread "Service Thread" daemon [_thread_blocked, id=22275, stack(0x0000000128e19000,0x0000000128f19000)]
  0x00007fa7a306a800 JavaThread "C1 CompilerThread3" daemon [_thread_blocked, id=21763, stack(0x0000000128d16000,0x0000000128e16000)]
  0x00007fa7a3061800 JavaThread "C2 CompilerThread2" daemon [_thread_blocked, id=21251, stack(0x0000000128c13000,0x0000000128d13000)]
  0x00007fa7a3061000 JavaThread "C2 CompilerThread1" daemon [_thread_blocked, id=20739, stack(0x0000000128b10000,0x0000000128c10000)]
  0x00007fa7a5824000 JavaThread "C2 CompilerThread0" daemon [_thread_blocked, id=20227, stack(0x0000000128a0d000,0x0000000128b0d000)]
  0x00007fa7a5823800 JavaThread "JDWP Command Reader" daemon [_thread_in_native, id=19715, stack(0x000000012890a000,0x0000000128a0a000)]
  0x00007fa7a5815800 JavaThread "JDWP Event Helper Thread" daemon [_thread_blocked, id=19203, stack(0x0000000128807000,0x0000000128907000)]
=>0x00007fa7a5815000 JavaThread "JDWP Transport Listener: dt_socket" daemon [_thread_in_vm, id=18691, stack(0x0000000128704000,0x0000000128804000)]
  0x00007fa7a5821800 JavaThread "Signal Dispatcher" daemon [_thread_blocked, id=14615, stack(0x00000001285fa000,0x00000001286fa000)]
  0x00007fa7a5013000 JavaThread "Finalizer" daemon [_thread_blocked, id=13571, stack(0x0000000126bf4000,0x0000000126cf4000)]
  0x00007fa7a5012800 JavaThread "Reference Handler" daemon [_thread_blocked, id=13059, stack(0x0000000126af1000,0x0000000126bf1000)]
  0x00007fa7a5000800 JavaThread "main" [_thread_blocked, id=4867, stack(0x000000010fb1c000,0x000000010fc1c000)]

Other Threads:
  0x00007fa7a5801000 VMThread [stack: 0x00000001269ee000,0x0000000126aee000] [id=12547]
  0x00007fa7a308e000 WatcherThread [stack: 0x0000000128f1c000,0x000000012901c000] [id=22787]

VM state:not at safepoint (normal execution)

VM Mutex/Monitor currently owned by a thread: None

Heap:
 PSYoungGen      total 38400K, used 8658K [0x0000000795580000, 0x0000000798000000, 0x00000007c0000000)
  eden space 33280K, 26% used [0x0000000795580000,0x0000000795df4aa8,0x0000000797600000)
  from space 5120K, 0% used [0x0000000797b00000,0x0000000797b00000,0x0000000798000000)
  to   space 5120K, 0% used [0x0000000797600000,0x0000000797600000,0x0000000797b00000)
 ParOldGen       total 87552K, used 0K [0x0000000740000000, 0x0000000745580000, 0x0000000795580000)
  object space 87552K, 0% used [0x0000000740000000,0x0000000740000000,0x0000000745580000)
 Metaspace       used 4808K, capacity 5216K, committed 5504K, reserved 1056768K
  class space    used 554K, capacity 592K, committed 640K, reserved 1048576K

Card table byte_map: [0x000000011efde000,0x000000011f3df000] byte_map_base: 0x000000011b5de000

Marking Bits: (ParMarkBitMap*) 0x000000010f49c330
 Begin Bits: [0x000000011fea2000, 0x0000000121ea2000)
 End Bits:   [0x0000000121ea2000, 0x0000000123ea2000)

Polling page: 0x000000010db60000

CodeCache: size=245760Kb used=1857Kb max_used=1861Kb free=243902Kb
 bounds [0x000000010fc1e000, 0x000000010fe8e000, 0x000000011ec1e000]
 total_blobs=613 nmethods=355 adapters=181
 compilation: enabled

Compilation events (10 events):
Event: 0.286 Thread 0x00007fa7a306a800 nmethod 352 0x000000010fdddc90 code [0x000000010fddde00, 0x000000010fdde068]
Event: 0.286 Thread 0x00007fa7a306a800  317       1       Vertex::hashCode (5 bytes)
Event: 0.286 Thread 0x00007fa7a306a800 nmethod 317 0x000000010fdda310 code [0x000000010fdda460, 0x000000010fdda570]
Event: 0.286 Thread 0x00007fa7a306a800  320       1       java.util.regex.Matcher::hitEnd (5 bytes)
Event: 0.286 Thread 0x00007fa7a306a800 nmethod 320 0x000000010fddc310 code [0x000000010fddc460, 0x000000010fddc570]
Event: 0.286 Thread 0x00007fa7a306a800  319       1       java.util.regex.Matcher::requireEnd (5 bytes)
Event: 0.286 Thread 0x00007fa7a306a800 nmethod 319 0x000000010fddd9d0 code [0x000000010fdddb20, 0x000000010fdddc30]
Event: 0.286 Thread 0x00007fa7a306a800  346       1       org.junit.runner.Description::getChildren (5 bytes)
Event: 0.286 Thread 0x00007fa7a306a800 nmethod 346 0x000000010fdee650 code [0x000000010fdee7a0, 0x000000010fdee8b0]
Event: 0.288 Thread 0x00007fa7a3061800 nmethod 355% 0x000000010fdef850 code [0x000000010fdef9e0, 0x000000010fdefcf8]

GC Heap History (0 events):
No events

Deoptimization events (0 events):
No events

Internal exceptions (10 events):
Event: 0.256 Thread 0x00007fa7a5000800 Exception <a 'java/security/PrivilegedActionException'> (0x0000000795c5ae60) thrown at [/HUDSON3/workspace/8-2-build-macosx-x86_64/jdk8u20/1074/hotspot/src/share/vm/prims/jvm.cpp, line 1275]
Event: 0.257 Thread 0x00007fa7a5000800 Exception <a 'java/security/PrivilegedActionException'> (0x0000000795c60f20) thrown at [/HUDSON3/workspace/8-2-build-macosx-x86_64/jdk8u20/1074/hotspot/src/share/vm/prims/jvm.cpp, line 1275]
Event: 0.265 Thread 0x00007fa7a5000800 Exception <a 'java/lang/NullPointerException'> (0x0000000795ca93e0) thrown at [/HUDSON3/workspace/8-2-build-macosx-x86_64/jdk8u20/1074/hotspot/src/share/vm/interpreter/linkResolver.cpp, line 1268]
Event: 0.265 Thread 0x00007fa7a5000800 Exception <a 'java/lang/reflect/InvocationTargetException'> (0x0000000795ca9590) thrown at [/HUDSON3/workspace/8-2-build-macosx-x86_64/jdk8u20/1074/hotspot/src/share/vm/runtime/reflection.cpp, line 1079]
Event: 0.265 Thread 0x00007fa7a5000800 Exception <a 'java/security/PrivilegedActionException'> (0x0000000795cab078) thrown at [/HUDSON3/workspace/8-2-build-macosx-x86_64/jdk8u20/1074/hotspot/src/share/vm/prims/jvm.cpp, line 1275]
Event: 0.266 Thread 0x00007fa7a5000800 Exception <a 'java/security/PrivilegedActionException'> (0x0000000795cb1370) thrown at [/HUDSON3/workspace/8-2-build-macosx-x86_64/jdk8u20/1074/hotspot/src/share/vm/prims/jvm.cpp, line 1275]
Event: 0.266 Thread 0x00007fa7a5000800 Exception <a 'java/security/PrivilegedActionException'> (0x0000000795cb70b0) thrown at [/HUDSON3/workspace/8-2-build-macosx-x86_64/jdk8u20/1074/hotspot/src/share/vm/prims/jvm.cpp, line 1275]
Event: 0.269 Thread 0x00007fa7a5000800 Exception <a 'java/security/PrivilegedActionException'> (0x0000000795cd6ba8) thrown at [/HUDSON3/workspace/8-2-build-macosx-x86_64/jdk8u20/1074/hotspot/src/share/vm/prims/jvm.cpp, line 1275]
Event: 0.275 Thread 0x00007fa7a5000800 Exception <a 'java/lang/NullPointerException'> (0x0000000795d2d7d8) thrown at [/HUDSON3/workspace/8-2-build-macosx-x86_64/jdk8u20/1074/hotspot/src/share/vm/interpreter/linkResolver.cpp, line 1268]
Event: 0.275 Thread 0x00007fa7a5000800 Exception <a 'java/lang/reflect/InvocationTargetException'> (0x0000000795d2d988) thrown at [/HUDSON3/workspace/8-2-build-macosx-x86_64/jdk8u20/1074/hotspot/src/share/vm/runtime/reflection.cpp, line 1079]

Events (10 events):
Event: 20346.424 Executing VM operation: RedefineClasses
Event: 20346.426 Executing VM operation: RedefineClasses done
Event: 20346.431 Executing VM operation: EnterInterpOnlyMode
Event: 20346.431 Executing VM operation: EnterInterpOnlyMode done
Event: 20504.889 Executing VM operation: RedefineClasses
Event: 20504.891 Executing VM operation: RedefineClasses done
Event: 20504.892 Executing VM operation: EnterInterpOnlyMode
Event: 20504.892 Executing VM operation: EnterInterpOnlyMode done
Event: 22833.481 Executing VM operation: RedefineClasses
Event: 22833.483 Executing VM operation: RedefineClasses done


Dynamic libraries:
0x000000000994c000 	/System/Library/Frameworks/Cocoa.framework/Versions/A/Cocoa
0x000000000994c000 	/System/Library/Frameworks/Security.framework/Versions/A/Security
0x000000000994c000 	/System/Library/Frameworks/ApplicationServices.framework/Versions/A/ApplicationServices
0x000000000994c000 	/usr/lib/libz.1.dylib
0x000000000994c000 	/usr/lib/libSystem.B.dylib
0x000000000994c000 	/usr/lib/libobjc.A.dylib
0x000000000994c000 	/System/Library/Frameworks/CoreFoundation.framework/Versions/A/CoreFoundation
0x000000000994c000 	/System/Library/Frameworks/Foundation.framework/Versions/C/Foundation
0x000000000994c000 	/System/Library/Frameworks/AppKit.framework/Versions/C/AppKit
0x000000000994c000 	/System/Library/Frameworks/CoreData.framework/Versions/A/CoreData
0x000000000994c000 	/System/Library/PrivateFrameworks/RemoteViewServices.framework/Versions/A/RemoteViewServices
0x000000000994c000 	/System/Library/PrivateFrameworks/UIFoundation.framework/Versions/A/UIFoundation
0x000000000994c000 	/System/Library/Frameworks/IOSurface.framework/Versions/A/IOSurface
0x000000000994c000 	/System/Library/Frameworks/AudioToolbox.framework/Versions/A/AudioToolbox
0x000000000994c000 	/System/Library/Frameworks/AudioUnit.framework/Versions/A/AudioUnit
0x000000000994c000 	/System/Library/PrivateFrameworks/DataDetectorsCore.framework/Versions/A/DataDetectorsCore
0x000000000994c000 	/System/Library/PrivateFrameworks/DesktopServicesPriv.framework/Versions/A/DesktopServicesPriv
0x000000000994c000 	/System/Library/Frameworks/Carbon.framework/Versions/A/Frameworks/HIToolbox.framework/Versions/A/HIToolbox
0x000000000994c000 	/System/Library/Frameworks/QuartzCore.framework/Versions/A/QuartzCore
0x000000000994c000 	/System/Library/Frameworks/Carbon.framework/Versions/A/Frameworks/SpeechRecognition.framework/Versions/A/SpeechRecognition
0x000000000994c000 	/usr/lib/libauto.dylib
0x000000000994c000 	/usr/lib/libicucore.A.dylib
0x000000000994c000 	/usr/lib/libxml2.2.dylib
0x000000000994c000 	/System/Library/PrivateFrameworks/CoreUI.framework/Versions/A/CoreUI
0x000000000994c000 	/System/Library/Frameworks/CoreAudio.framework/Versions/A/CoreAudio
0x000000000994c000 	/System/Library/Frameworks/DiskArbitration.framework/Versions/A/DiskArbitration
0x000000000994c000 	/usr/lib/liblangid.dylib
0x000000000994c000 	/System/Library/PrivateFrameworks/MultitouchSupport.framework/Versions/A/MultitouchSupport
0x000000000994c000 	/System/Library/Frameworks/IOKit.framework/Versions/A/IOKit
0x000000000994c000 	/usr/lib/libDiagnosticMessagesClient.dylib
0x000000000994c000 	/System/Library/Frameworks/CoreServices.framework/Versions/A/CoreServices
0x000000000994c000 	/System/Library/PrivateFrameworks/PerformanceAnalysis.framework/Versions/A/PerformanceAnalysis
0x000000000994c000 	/System/Library/PrivateFrameworks/GenerationalStorage.framework/Versions/A/GenerationalStorage
0x000000000994c000 	/System/Library/Frameworks/OpenGL.framework/Versions/A/OpenGL
0x000000000994c000 	/System/Library/PrivateFrameworks/Sharing.framework/Versions/A/Sharing
0x000000000994c000 	/System/Library/Frameworks/CoreGraphics.framework/Versions/A/CoreGraphics
0x000000000994c000 	/System/Library/Frameworks/CoreText.framework/Versions/A/CoreText
0x000000000994c000 	/System/Library/Frameworks/ImageIO.framework/Versions/A/ImageIO
0x000000000994c000 	/usr/lib/libextension.dylib
0x000000000994c000 	/System/Library/PrivateFrameworks/Backup.framework/Versions/A/Backup
0x000000000994c000 	/usr/lib/libarchive.2.dylib
0x000000000994c000 	/System/Library/Frameworks/CFNetwork.framework/Versions/A/CFNetwork
0x000000000994c000 	/System/Library/Frameworks/SystemConfiguration.framework/Versions/A/SystemConfiguration
0x000000000994c000 	/usr/lib/libCRFSuite.dylib
0x000000000994c000 	/usr/lib/libc++.1.dylib
0x000000000994c000 	/usr/lib/libc++abi.dylib
0x000000000994c000 	/usr/lib/system/libcache.dylib
0x000000000994c000 	/usr/lib/system/libcommonCrypto.dylib
0x000000000994c000 	/usr/lib/system/libcompiler_rt.dylib
0x000000000994c000 	/usr/lib/system/libcopyfile.dylib
0x000000000994c000 	/usr/lib/system/libcorecrypto.dylib
0x000000000994c000 	/usr/lib/system/libdispatch.dylib
0x000000000994c000 	/usr/lib/system/libdyld.dylib
0x000000000994c000 	/usr/lib/system/libkeymgr.dylib
0x000000000994c000 	/usr/lib/system/liblaunch.dylib
0x000000000994c000 	/usr/lib/system/libmacho.dylib
0x000000000994c000 	/usr/lib/system/libquarantine.dylib
0x000000000994c000 	/usr/lib/system/libremovefile.dylib
0x000000000994c000 	/usr/lib/system/libsystem_asl.dylib
0x000000000994c000 	/usr/lib/system/libsystem_blocks.dylib
0x000000000994c000 	/usr/lib/system/libsystem_c.dylib
0x000000000994c000 	/usr/lib/system/libsystem_configuration.dylib
0x000000000994c000 	/usr/lib/system/libsystem_coreservices.dylib
0x000000000994c000 	/usr/lib/system/libsystem_coretls.dylib
0x000000000994c000 	/usr/lib/system/libsystem_dnssd.dylib
0x000000000994c000 	/usr/lib/system/libsystem_info.dylib
0x000000000994c000 	/usr/lib/system/libsystem_kernel.dylib
0x000000000994c000 	/usr/lib/system/libsystem_m.dylib
0x000000000994c000 	/usr/lib/system/libsystem_malloc.dylib
0x000000000994c000 	/usr/lib/system/libsystem_network.dylib
0x000000000994c000 	/usr/lib/system/libsystem_networkextension.dylib
0x000000000994c000 	/usr/lib/system/libsystem_notify.dylib
0x000000000994c000 	/usr/lib/system/libsystem_platform.dylib
0x000000000994c000 	/usr/lib/system/libsystem_pthread.dylib
0x000000000994c000 	/usr/lib/system/libsystem_sandbox.dylib
0x000000000994c000 	/usr/lib/system/libsystem_secinit.dylib
0x000000000994c000 	/usr/lib/system/libsystem_stats.dylib
0x000000000994c000 	/usr/lib/system/libsystem_trace.dylib
0x000000000994c000 	/usr/lib/system/libunc.dylib
0x000000000994c000 	/usr/lib/system/libunwind.dylib
0x000000000994c000 	/usr/lib/system/libxpc.dylib
0x000000000994c000 	/usr/lib/libbz2.1.0.dylib
0x000000000994c000 	/usr/lib/liblzma.5.dylib
0x000000000994c000 	/usr/lib/libbsm.0.dylib
0x000000000994c000 	/usr/lib/libsqlite3.dylib
0x000000000994c000 	/usr/lib/system/libkxld.dylib
0x000000000994c000 	/usr/lib/libxar.1.dylib
0x000000000994c000 	/usr/lib/libpam.2.dylib
0x000000000994c000 	/usr/lib/libOpenScriptingUtil.dylib
0x000000000994c000 	/System/Library/Frameworks/CoreServices.framework/Versions/A/Frameworks/FSEvents.framework/Versions/A/FSEvents
0x000000000994c000 	/System/Library/Frameworks/CoreServices.framework/Versions/A/Frameworks/CarbonCore.framework/Versions/A/CarbonCore
0x000000000994c000 	/System/Library/Frameworks/CoreServices.framework/Versions/A/Frameworks/Metadata.framework/Versions/A/Metadata
0x000000000994c000 	/System/Library/Frameworks/CoreServices.framework/Versions/A/Frameworks/OSServices.framework/Versions/A/OSServices
0x000000000994c000 	/System/Library/Frameworks/CoreServices.framework/Versions/A/Frameworks/SearchKit.framework/Versions/A/SearchKit
0x000000000994c000 	/System/Library/Frameworks/CoreServices.framework/Versions/A/Frameworks/AE.framework/Versions/A/AE
0x000000000994c000 	/System/Library/Frameworks/CoreServices.framework/Versions/A/Frameworks/LaunchServices.framework/Versions/A/LaunchServices
0x000000000994c000 	/System/Library/Frameworks/CoreServices.framework/Versions/A/Frameworks/DictionaryServices.framework/Versions/A/DictionaryServices
0x000000000994c000 	/System/Library/Frameworks/NetFS.framework/Versions/A/NetFS
0x000000000994c000 	/System/Library/PrivateFrameworks/NetAuth.framework/Versions/A/NetAuth
0x000000000994c000 	/System/Library/PrivateFrameworks/login.framework/Versions/A/Frameworks/loginsupport.framework/Versions/A/loginsupport
0x000000000994c000 	/System/Library/PrivateFrameworks/TCC.framework/Versions/A/TCC
0x000000000994c000 	/usr/lib/libmecabra.dylib
0x000000000994c000 	/System/Library/Frameworks/ApplicationServices.framework/Versions/A/Frameworks/ATS.framework/Versions/A/ATS
0x000000000994c000 	/System/Library/Frameworks/ApplicationServices.framework/Versions/A/Frameworks/ColorSync.framework/Versions/A/ColorSync
0x000000000994c000 	/System/Library/Frameworks/ApplicationServices.framework/Versions/A/Frameworks/HIServices.framework/Versions/A/HIServices
0x000000000994c000 	/System/Library/Frameworks/ApplicationServices.framework/Versions/A/Frameworks/LangAnalysis.framework/Versions/A/LangAnalysis
0x000000000994c000 	/System/Library/Frameworks/ApplicationServices.framework/Versions/A/Frameworks/PrintCore.framework/Versions/A/PrintCore
0x000000000994c000 	/System/Library/Frameworks/ApplicationServices.framework/Versions/A/Frameworks/QD.framework/Versions/A/QD
0x000000000994c000 	/System/Library/Frameworks/ApplicationServices.framework/Versions/A/Frameworks/SpeechSynthesis.framework/Versions/A/SpeechSynthesis
0x000000000994c000 	/System/Library/Frameworks/Accelerate.framework/Versions/A/Accelerate
0x000000000994c000 	/System/Library/Frameworks/Accelerate.framework/Versions/A/Frameworks/vImage.framework/Versions/A/vImage
0x000000000994c000 	/System/Library/Frameworks/Accelerate.framework/Versions/A/Frameworks/vecLib.framework/Versions/A/vecLib
0x000000000994c000 	/System/Library/Frameworks/Accelerate.framework/Versions/A/Frameworks/vecLib.framework/Versions/A/libvDSP.dylib
0x000000000994c000 	/System/Library/Frameworks/Accelerate.framework/Versions/A/Frameworks/vecLib.framework/Versions/A/libvMisc.dylib
0x000000000994c000 	/System/Library/Frameworks/Accelerate.framework/Versions/A/Frameworks/vecLib.framework/Versions/A/libLAPACK.dylib
0x000000000994c000 	/System/Library/Frameworks/Accelerate.framework/Versions/A/Frameworks/vecLib.framework/Versions/A/libBLAS.dylib
0x000000000994c000 	/System/Library/Frameworks/Accelerate.framework/Versions/A/Frameworks/vecLib.framework/Versions/A/libLinearAlgebra.dylib
0x000000000994c000 	/System/Library/Frameworks/ApplicationServices.framework/Versions/A/Frameworks/ATS.framework/Versions/A/Resources/libFontParser.dylib
0x000000000994c000 	/System/Library/Frameworks/ApplicationServices.framework/Versions/A/Frameworks/ATS.framework/Versions/A/Resources/libFontRegistry.dylib
0x000000000994c000 	/System/Library/PrivateFrameworks/AppleVPA.framework/Versions/A/AppleVPA
0x000000000994c000 	/System/Library/PrivateFrameworks/AppleJPEG.framework/Versions/A/AppleJPEG
0x000000000994c000 	/System/Library/Frameworks/ImageIO.framework/Versions/A/Resources/libJPEG.dylib
0x000000000994c000 	/System/Library/Frameworks/ImageIO.framework/Versions/A/Resources/libTIFF.dylib
0x000000000994c000 	/System/Library/Frameworks/ImageIO.framework/Versions/A/Resources/libPng.dylib
0x000000000994c000 	/System/Library/Frameworks/ImageIO.framework/Versions/A/Resources/libGIF.dylib
0x000000000994c000 	/System/Library/Frameworks/ImageIO.framework/Versions/A/Resources/libJP2.dylib
0x000000000994c000 	/System/Library/Frameworks/ImageIO.framework/Versions/A/Resources/libRadiance.dylib
0x000000000994c000 	/System/Library/Frameworks/CoreVideo.framework/Versions/A/CoreVideo
0x000000000994c000 	/System/Library/Frameworks/OpenGL.framework/Versions/A/Libraries/libGLU.dylib
0x000000000994c000 	/System/Library/Frameworks/OpenGL.framework/Versions/A/Libraries/libGFXShared.dylib
0x000000000994c000 	/System/Library/Frameworks/OpenGL.framework/Versions/A/Libraries/libGL.dylib
0x000000000994c000 	/System/Library/Frameworks/OpenGL.framework/Versions/A/Libraries/libGLImage.dylib
0x000000000994c000 	/System/Library/Frameworks/OpenGL.framework/Versions/A/Libraries/libCVMSPluginSupport.dylib
0x000000000994c000 	/System/Library/Frameworks/OpenGL.framework/Versions/A/Libraries/libCoreVMClient.dylib
0x000000000994c000 	/usr/lib/libcups.2.dylib
0x000000000994c000 	/System/Library/Frameworks/Kerberos.framework/Versions/A/Kerberos
0x000000000994c000 	/System/Library/Frameworks/GSS.framework/Versions/A/GSS
0x000000000994c000 	/usr/lib/libresolv.9.dylib
0x000000000994c000 	/usr/lib/libiconv.2.dylib
0x000000000994c000 	/System/Library/PrivateFrameworks/Heimdal.framework/Versions/A/Heimdal
0x000000000994c000 	/usr/lib/libheimdal-asn1.dylib
0x000000000994c000 	/System/Library/Frameworks/OpenDirectory.framework/Versions/A/OpenDirectory
0x000000000994c000 	/System/Library/PrivateFrameworks/CommonAuth.framework/Versions/A/CommonAuth
0x000000000994c000 	/System/Library/Frameworks/OpenDirectory.framework/Versions/A/Frameworks/CFOpenDirectory.framework/Versions/A/CFOpenDirectory
0x000000000994c000 	/System/Library/Frameworks/SecurityFoundation.framework/Versions/A/SecurityFoundation
0x000000000994c000 	/System/Library/PrivateFrameworks/LanguageModeling.framework/Versions/A/LanguageModeling
0x000000000994c000 	/usr/lib/libcmph.dylib
0x000000000994c000 	/System/Library/Frameworks/ServiceManagement.framework/Versions/A/ServiceManagement
0x000000000994c000 	/usr/lib/libxslt.1.dylib
0x000000000994c000 	/System/Library/Frameworks/Carbon.framework/Versions/A/Frameworks/Ink.framework/Versions/A/Ink
0x000000000994c000 	/System/Library/Frameworks/QuartzCore.framework/Versions/A/Frameworks/CoreImage.framework/Versions/A/CoreImage
0x000000000994c000 	/System/Library/PrivateFrameworks/CrashReporterSupport.framework/Versions/A/CrashReporterSupport
0x000000000994c000 	/System/Library/Frameworks/OpenCL.framework/Versions/A/OpenCL
0x000000000994c000 	/System/Library/PrivateFrameworks/FaceCore.framework/Versions/A/FaceCore
0x000000000994c000 	/System/Library/PrivateFrameworks/Ubiquity.framework/Versions/A/Ubiquity
0x000000000994c000 	/System/Library/PrivateFrameworks/IconServices.framework/Versions/A/IconServices
0x000000000994c000 	/System/Library/PrivateFrameworks/ChunkingLibrary.framework/Versions/A/ChunkingLibrary
0x000000000994c000 	/System/Library/PrivateFrameworks/Apple80211.framework/Versions/A/Apple80211
0x000000000994c000 	/System/Library/Frameworks/CoreWLAN.framework/Versions/A/CoreWLAN
0x000000000994c000 	/System/Library/Frameworks/IOBluetooth.framework/Versions/A/IOBluetooth
0x000000000994c000 	/System/Library/PrivateFrameworks/CoreWiFi.framework/Versions/A/CoreWiFi
0x000000000994c000 	/System/Library/Frameworks/CoreBluetooth.framework/Versions/A/CoreBluetooth
0x000000000994c000 	/System/Library/PrivateFrameworks/DebugSymbols.framework/Versions/A/DebugSymbols
0x000000000994c000 	/System/Library/PrivateFrameworks/CoreSymbolication.framework/Versions/A/CoreSymbolication
0x000000000994c000 	/System/Library/PrivateFrameworks/Symbolication.framework/Versions/A/Symbolication
0x000000000994c000 	/System/Library/PrivateFrameworks/SpeechRecognitionCore.framework/Versions/A/SpeechRecognitionCore
0x000000010ec00000 	/Library/Java/JavaVirtualMachines/jdk1.8.0_20.jdk/Contents/Home/jre/lib/server/libjvm.dylib
0x000000000994c000 	/usr/lib/libstdc++.6.dylib
0x000000010db1e000 	/Library/Java/JavaVirtualMachines/jdk1.8.0_20.jdk/Contents/Home/jre/lib/libverify.dylib
0x000000010db2c000 	/Library/Java/JavaVirtualMachines/jdk1.8.0_20.jdk/Contents/Home/jre/lib/libjava.dylib
0x000000010db61000 	/Library/Java/JavaVirtualMachines/jdk1.8.0_20.jdk/Contents/Home/jre/lib/libjdwp.dylib
0x000000010dbac000 	/Library/Java/JavaVirtualMachines/jdk1.8.0_20.jdk/Contents/Home/jre/lib/libnpt.dylib
0x000000010dbb9000 	/Library/Java/JavaVirtualMachines/jdk1.8.0_20.jdk/Contents/Home/jre/lib/libzip.dylib
0x0000000126cf6000 	/System/Library/Frameworks/JavaVM.framework/Frameworks/JavaRuntimeSupport.framework/JavaRuntimeSupport
0x000000010dbeb000 	/System/Library/Frameworks/JavaVM.framework/Versions/A/Frameworks/JavaNativeFoundation.framework/Versions/A/JavaNativeFoundation
0x0000000126d0e000 	/System/Library/Frameworks/JavaVM.framework/Versions/A/JavaVM
0x000000000994c000 	/System/Library/Frameworks/Carbon.framework/Versions/A/Carbon
0x0000000126d1b000 	/System/Library/PrivateFrameworks/JavaLaunching.framework/Versions/A/JavaLaunching
0x000000000994c000 	/System/Library/Frameworks/Carbon.framework/Versions/A/Frameworks/CommonPanels.framework/Versions/A/CommonPanels
0x000000000994c000 	/System/Library/Frameworks/Carbon.framework/Versions/A/Frameworks/Help.framework/Versions/A/Help
0x000000000994c000 	/System/Library/Frameworks/Carbon.framework/Versions/A/Frameworks/ImageCapture.framework/Versions/A/ImageCapture
0x000000000994c000 	/System/Library/Frameworks/Carbon.framework/Versions/A/Frameworks/OpenScripting.framework/Versions/A/OpenScripting
0x000000000994c000 	/System/Library/Frameworks/Carbon.framework/Versions/A/Frameworks/Print.framework/Versions/A/Print
0x000000000994c000 	/System/Library/Frameworks/Carbon.framework/Versions/A/Frameworks/SecurityHI.framework/Versions/A/SecurityHI
0x00000001286fc000 	/Library/Java/JavaVirtualMachines/jdk1.8.0_20.jdk/Contents/Home/jre/lib/libdt_socket.dylib

VM Arguments:
jvm_args: -agentlib:jdwp=transport=dt_socket,address=127.0.0.1:63168,suspend=y,server=n -ea -Dfile.encoding=UTF-8 
java_command: com.intellij.rt.execution.junit.JUnitStarter -ideVersion5 GraphAlgorithmsStudentTest
java_class_path (initial): /Applications/IntelliJ IDEA 14 CE.app/Contents/lib/idea_rt.jar:/Applications/IntelliJ IDEA 14 CE.app/Contents/plugins/junit/lib/junit-rt.jar:/Library/Java/JavaVirtualMachines/jdk1.8.0_20.jdk/Contents/Home/lib/ant-javafx.jar:/Library/Java/JavaVirtualMachines/jdk1.8.0_20.jdk/Contents/Home/lib/dt.jar:/Library/Java/JavaVirtualMachines/jdk1.8.0_20.jdk/Contents/Home/lib/javafx-mx.jar:/Library/Java/JavaVirtualMachines/jdk1.8.0_20.jdk/Contents/Home/lib/jconsole.jar:/Library/Java/JavaVirtualMachines/jdk1.8.0_20.jdk/Contents/Home/lib/sa-jdi.jar:/Library/Java/JavaVirtualMachines/jdk1.8.0_20.jdk/Contents/Home/lib/tools.jar:/Library/Java/JavaVirtualMachines/jdk1.8.0_20.jdk/Contents/Home/jre/lib/charsets.jar:/Library/Java/JavaVirtualMachines/jdk1.8.0_20.jdk/Contents/Home/jre/lib/deploy.jar:/Library/Java/JavaVirtualMachines/jdk1.8.0_20.jdk/Contents/Home/jre/lib/javaws.jar:/Library/Java/JavaVirtualMachines/jdk1.8.0_20.jdk/Contents/Home/jre/lib/jce.jar:/Library/Java/JavaVirtualMachines/jdk1.8.0_20.jdk/Contents/Home/jre/lib/jfr.jar:/Library/Java/JavaVirtualMachines/jdk1.8.0_20.jdk/Contents/Home/jre/lib/jfxswt.jar:/Library/Java/JavaVirtualMachines/jdk1.8.0_20.jdk/Contents/Home/jre/lib/jsse.jar:/Library/Java/JavaVirtualMachines/jdk1.8.0_20.jdk/Contents/Home/jre/lib/management-agent.jar:/Library/Java/JavaVirtualMachines/jdk1.8.0_20.jdk/Contents/Home/jre/lib/plugin.jar:/Library/Java/JavaVirtualMachines/jdk1.8.0_20.jdk/Contents/Home/jre/lib/resources.jar:/Library/Java/JavaVirtualMachines/jdk1.8.0_20.jdk/Contents/Home/jre/lib/rt.jar:/Library/Java/JavaVirtualMachines/jdk1.8.0_20.jdk/Contents/Home/jre/lib/ext/cldrdata.jar:/Library/Java/JavaVirtualMachines/jdk1.8.0_20.jdk/Contents/Home/jre/lib/ext/dnsns.jar:/Library/Java/JavaVirtualMachines/jdk1.8.0_20.jdk/Contents/Home/jre/lib/ext/jfxrt.jar:/Library/Java/JavaVirtualMachines/jdk1.8.0_20.jdk/Contents/Home/jre/lib/ext/localedata.jar:/Library/Java/JavaVirtualMachines/jdk1.8.0_20.jdk/Contents/Home/jre/lib/ext/nashorn.
Launcher Type: SUN_STANDARD

Environment Variables:
PATH=/usr/local/bin:/usr/bin:/bin:/usr/sbin:/sbin
SHELL=/bin/bash

Signal Handlers:
SIGSEGV: [libjvm.dylib+0x578fd7], sa_mask[0]=11111111011111110111111111111111, sa_flags=SA_ONSTACK|SA_RESTART|SA_SIGINFO
SIGBUS: [libjvm.dylib+0x578fd7], sa_mask[0]=11111111011111110111111111111111, sa_flags=SA_RESTART|SA_SIGINFO
SIGFPE: [libjvm.dylib+0x45ab0c], sa_mask[0]=11111111011111110111111111111111, sa_flags=SA_RESTART|SA_SIGINFO
SIGPIPE: [libjvm.dylib+0x45ab0c], sa_mask[0]=11111111011111110111111111111111, sa_flags=SA_RESTART|SA_SIGINFO
SIGXFSZ: [libjvm.dylib+0x45ab0c], sa_mask[0]=11111111011111110111111111111111, sa_flags=SA_RESTART|SA_SIGINFO
SIGILL: [libjvm.dylib+0x45ab0c], sa_mask[0]=11111111011111110111111111111111, sa_flags=SA_RESTART|SA_SIGINFO
SIGUSR1: SIG_DFL, sa_mask[0]=00000000000000000000000000000000, sa_flags=none
SIGUSR2: [libjvm.dylib+0x45a62a], sa_mask[0]=00100000000000000000000000000000, sa_flags=SA_RESTART|SA_SIGINFO
SIGHUP: [libjvm.dylib+0x458bfd], sa_mask[0]=11111111011111110111111111111111, sa_flags=SA_RESTART|SA_SIGINFO
SIGINT: [libjvm.dylib+0x458bfd], sa_mask[0]=11111111011111110111111111111111, sa_flags=SA_RESTART|SA_SIGINFO
SIGTERM: [libjvm.dylib+0x458bfd], sa_mask[0]=11111111011111110111111111111111, sa_flags=SA_RESTART|SA_SIGINFO
SIGQUIT: [libjvm.dylib+0x458bfd], sa_mask[0]=11111111011111110111111111111111, sa_flags=SA_RESTART|SA_SIGINFO


---------------  S Y S T E M  ---------------

OS:Bsduname:Darwin 14.3.0 Darwin Kernel Version 14.3.0: Thu Feb 12 18:38:33 PST 2015; root:xnu-2782.20.34~3/RELEASE_X86_64 x86_64
rlimit: STACK 8192k, CORE 0k, NPROC 709, NOFILE 10240, AS infinity
load average:4.13 3.75 2.80

CPU:total 8 (4 cores per cpu, 2 threads per core) family 6 model 70 stepping 1, cmov, cx8, fxsr, mmx, sse, sse2, sse3, ssse3, sse4.1, sse4.2, popcnt, avx, avx2, aes, clmul, erms, rtm, lzcnt, ht, tsc, tscinvbit, bmi1, bmi2

Memory: 4k page, physical 8388608k(276020k free)

/proc/meminfo:


vm_info: Java HotSpot(TM) 64-Bit Server VM (25.20-b23) for bsd-amd64 JRE (1.8.0_20-b26), built on Jul 30 2014 13:37:47 by "java_re" with gcc 4.2.1 (Based on Apple Inc. build 5658) (LLVM build 2336.9.00)

time: Wed Apr 15 15:39:48 2015
elapsed time: 22833 seconds (0d 6h 20m 33s)

