#
# A fatal error has been detected by the Java Runtime Environment:
#
#  SIGSEGV (0xb) at pc=0x0000000110622d8c, pid=2992, tid=18691
#
# JRE version: Java(TM) SE Runtime Environment (8.0_20-b26) (build 1.8.0_20-b26)
# Java VM: Java HotSpot(TM) 64-Bit Server VM (25.20-b23 mixed mode bsd-amd64 compressed oops)
# Problematic frame:
# V  [libjvm.dylib+0x422d8c]
#
# Failed to write core dump. Core dumps have been disabled. To enable core dumping, try "ulimit -c unlimited" before starting Java again
#
# If you would like to submit a bug report, please visit:
#   http://bugreport.sun.com/bugreport/crash.jsp
#

---------------  T H R E A D  ---------------

Current thread (0x00007fe744817800):  JavaThread "JDWP Transport Listener: dt_socket" daemon [_thread_in_vm, id=18691, stack(0x0000000129cb9000,0x0000000129db9000)]

siginfo: si_signo: 11 (SIGSEGV), si_code: 0 (unknown), si_addr: 0x0000000000000000

Registers:
RAX=0x0000000000000001, RBX=0x0000000129db8a8b, RCX=0x00000001109d5c80, RDX=0x0000000129db8a8b
RSP=0x0000000129db89d0, RBP=0x0000000129db89e0, RSI=0x00007fe744817800, RDI=0x2000000000000000
R8 =0x0000000000000000, R9 =0x00007fe742200000, R10=0x0000000000000010, R11=0x00007fe742200000
R12=0x00007fe744817800, R13=0x2000000000000000, R14=0x2000000000000000, R15=0x00007fe74041dff0
RIP=0x0000000110622d8c, EFLAGS=0x0000000000010206, ERR=0x0000000000000000
  TRAPNO=0x000000000000000d

Top of Stack: (sp=0x0000000129db89d0)
0x0000000129db89d0:   0000000129db8a8b 0000000129db8a8b
0x0000000129db89e0:   0000000129db8a40 0000000110534ec2
0x0000000129db89f0:   00007fe744817800 0000000000000000
0x0000000129db8a00:   0000000000000000 0000000000000000
0x0000000129db8a10:   00007fe744817800 00007fe744817800
0x0000000129db8a20:   0000000129db8a8b 0000000129db8a90
0x0000000129db8a30:   2000000000000000 0000000000000004
0x0000000129db8a40:   0000000129db8a60 000000011116f7dc
0x0000000129db8a50:   0000000000000001 0000000129db8b08
0x0000000129db8a60:   0000000129db8ad0 0000000111154263
0x0000000129db8a70:   0000000129db8aa0 00007fe742206c40
0x0000000129db8a80:   0000000500000032 0000000900db8b08
0x0000000129db8a90:   0000000000000000 0000000000000000
0x0000000129db8aa0:   0000000000000000 0000000129db8c90
0x0000000129db8ab0:   0000000111176eca 00007fe7422063a0
0x0000000129db8ac0:   0000000129db8b08 0000000111182588
0x0000000129db8ad0:   0000000129db8ae0 000000011115435c
0x0000000129db8ae0:   0000000129db8d00 000000011115d8f6
0x0000000129db8af0:   0000876300000013 00000000000f0200
0x0000000129db8b00:   00007fe742204a70 00007fe742206f11
0x0000000129db8b10:   00007fe700000197 00007fe742206d30
0x0000000129db8b20:   00007fe70000012c 0000000129db8b58
0x0000000129db8b30:   00007fe742206d30 00007f0000000000
0x0000000129db8b40:   000087630000000f 00007fff00001f80
0x0000000129db8b50:   0000000129db8b58 e77f000005000000
0x0000000129db8b60:   0f00000030045140 69676f6c6f706f74
0x0000000129db8b70:   0074726f536c6163 6172474c28190000
0x0000000129db8b80:   76616a4c293b6870 4c2f6c6974752f61
0x0000000129db8b90:   230000003b747369 3b68706172474c28
0x0000000129db8ba0:   752f6176616a4c29 7473694c2f6c6974
0x0000000129db8bb0:   7865747265564c3c 00090000003b3e3b
0x0000000129db8bc0:   00f0764440e77f00 0000736664030000 

Instructions: (pc=0x0000000110622d8c)
0x0000000110622d6c:   40 48 48 85 c0 75 e0 30 c0 0f b6 c0 5d c3 31 c0
0x0000000110622d7c:   5d c3 55 48 89 e5 53 48 83 ec 08 48 85 ff 74 24
0x0000000110622d8c:   48 8b 1f 48 85 db 74 1c 48 83 fb 37 74 16 48 8b
0x0000000110622d9c:   03 48 89 df ff 50 10 84 c0 b8 00 00 00 00 48 0f 

Register to memory mapping:

RAX=0x0000000000000001 is an unknown value
RBX=0x0000000129db8a8b is pointing into the stack for thread: 0x00007fe744817800
RCX=0x00000001109d5c80: UseMembar+0 in /Library/Java/JavaVirtualMachines/jdk1.8.0_20.jdk/Contents/Home/jre/lib/server/libjvm.dylib at 0x0000000110200000
RDX=0x0000000129db8a8b is pointing into the stack for thread: 0x00007fe744817800
RSP=0x0000000129db89d0 is pointing into the stack for thread: 0x00007fe744817800
RBP=0x0000000129db89e0 is pointing into the stack for thread: 0x00007fe744817800
RSI=0x00007fe744817800 is a thread
RDI=0x2000000000000000 is an unknown value
R8 =0x0000000000000000 is an unknown value
R9 =0x00007fe742200000 is an unknown value
R10=0x0000000000000010 is an unknown value
R11=0x00007fe742200000 is an unknown value
R12=0x00007fe744817800 is a thread
R13=0x2000000000000000 is an unknown value
R14=0x2000000000000000 is an unknown value
R15=0x00007fe74041dff0 is an unknown value


Stack: [0x0000000129cb9000,0x0000000129db9000],  sp=0x0000000129db89d0,  free space=1022k
Native frames: (J=compiled Java code, j=interpreted, Vv=VM code, C=native code)
V  [libjvm.dylib+0x422d8c]
V  [libjvm.dylib+0x334ec2]
C  [libjdwp.dylib+0x207dc]  isMethodSynthetic+0x63
C  [libjdwp.dylib+0x5263]  methods1+0x10b
C  [libjdwp.dylib+0x535c]  methodsWithGeneric+0xe
C  [libjdwp.dylib+0xe8f6]  debugLoop_run+0x1ce
C  [libjdwp.dylib+0x1f716]  attachThread+0x4d
V  [libjvm.dylib+0x375f22]
V  [libjvm.dylib+0x535a51]
V  [libjvm.dylib+0x537194]
V  [libjvm.dylib+0x45d35a]
C  [libsystem_pthread.dylib+0x3268]  _pthread_body+0x83
C  [libsystem_pthread.dylib+0x31e5]  _pthread_body+0x0
C  [libsystem_pthread.dylib+0x141d]  thread_start+0xd
C  0x0000000000000000


---------------  P R O C E S S  ---------------

Java Threads: ( => current thread )
  0x00007fe744819000 JavaThread "Service Thread" daemon [_thread_blocked, id=22275, stack(0x000000012a3ce000,0x000000012a4ce000)]
  0x00007fe743029000 JavaThread "C1 CompilerThread3" daemon [_thread_blocked, id=21763, stack(0x000000012a2cb000,0x000000012a3cb000)]
  0x00007fe743018800 JavaThread "C2 CompilerThread2" daemon [_thread_blocked, id=21251, stack(0x000000012a1c8000,0x000000012a2c8000)]
  0x00007fe743017800 JavaThread "C2 CompilerThread1" daemon [_thread_blocked, id=20739, stack(0x000000012a0c5000,0x000000012a1c5000)]
  0x00007fe743005000 JavaThread "C2 CompilerThread0" daemon [_thread_blocked, id=20227, stack(0x0000000129fc2000,0x000000012a0c2000)]
  0x00007fe742824800 JavaThread "JDWP Command Reader" daemon [_thread_in_native, id=19715, stack(0x0000000129ebf000,0x0000000129fbf000)]
  0x00007fe744816800 JavaThread "JDWP Event Helper Thread" daemon [_thread_blocked, id=19203, stack(0x0000000129dbc000,0x0000000129ebc000)]
=>0x00007fe744817800 JavaThread "JDWP Transport Listener: dt_socket" daemon [_thread_in_vm, id=18691, stack(0x0000000129cb9000,0x0000000129db9000)]
  0x00007fe744825800 JavaThread "Signal Dispatcher" daemon [_thread_blocked, id=15379, stack(0x0000000129baf000,0x0000000129caf000)]
  0x00007fe743000000 JavaThread "Finalizer" daemon [_thread_blocked, id=13571, stack(0x0000000128198000,0x0000000128298000)]
  0x00007fe74082f800 JavaThread "Reference Handler" daemon [_thread_blocked, id=13059, stack(0x0000000128095000,0x0000000128195000)]
  0x00007fe741801000 JavaThread "main" [_thread_blocked, id=4867, stack(0x000000010f0d2000,0x000000010f1d2000)]

Other Threads:
  0x00007fe74082b000 VMThread [stack: 0x0000000127f92000,0x0000000128092000] [id=12547]
  0x00007fe74282c000 WatcherThread [stack: 0x000000012a4d1000,0x000000012a5d1000] [id=22787]

VM state:not at safepoint (normal execution)

VM Mutex/Monitor currently owned by a thread: None

Heap:
 PSYoungGen      total 38400K, used 8655K [0x0000000795580000, 0x0000000798000000, 0x00000007c0000000)
  eden space 33280K, 26% used [0x0000000795580000,0x0000000795df3f00,0x0000000797600000)
  from space 5120K, 0% used [0x0000000797b00000,0x0000000797b00000,0x0000000798000000)
  to   space 5120K, 0% used [0x0000000797600000,0x0000000797600000,0x0000000797b00000)
 ParOldGen       total 87552K, used 0K [0x0000000740000000, 0x0000000745580000, 0x0000000795580000)
  object space 87552K, 0% used [0x0000000740000000,0x0000000740000000,0x0000000745580000)
 Metaspace       used 4800K, capacity 5216K, committed 5504K, reserved 1056768K
  class space    used 553K, capacity 592K, committed 640K, reserved 1048576K

Card table byte_map: [0x000000012055a000,0x000000012095b000] byte_map_base: 0x000000011cb5a000

Marking Bits: (ParMarkBitMap*) 0x0000000110a9c330
 Begin Bits: [0x000000012141e000, 0x000000012341e000)
 End Bits:   [0x000000012341e000, 0x000000012541e000)

Polling page: 0x000000010f1e2000

CodeCache: size=245760Kb used=1862Kb max_used=1866Kb free=243897Kb
 bounds [0x000000011119a000, 0x000000011140a000, 0x000000012019a000]
 total_blobs=617 nmethods=359 adapters=181
 compilation: enabled

Compilation events (10 events):
Event: 0.319 Thread 0x00007fe743029000 nmethod 357 0x0000000111368cd0 code [0x0000000111368e40, 0x0000000111368f90]
Event: 0.319 Thread 0x00007fe743029000  324       1       Vertex::hashCode (5 bytes)
Event: 0.319 Thread 0x00007fe743029000 nmethod 324 0x0000000111342250 code [0x00000001113423a0, 0x00000001113424b0]
Event: 0.319 Thread 0x00007fe743029000  328       1       java.util.regex.Matcher::hitEnd (5 bytes)
Event: 0.320 Thread 0x00007fe743029000 nmethod 328 0x000000011134d990 code [0x000000011134dae0, 0x000000011134dbf0]
Event: 0.320 Thread 0x00007fe743029000  327       1       java.util.regex.Matcher::requireEnd (5 bytes)
Event: 0.320 Thread 0x00007fe743029000 nmethod 327 0x000000011136bc10 code [0x000000011136bd60, 0x000000011136be70]
Event: 0.320 Thread 0x00007fe743029000  348       1       org.junit.runner.Description::getChildren (5 bytes)
Event: 0.320 Thread 0x00007fe743029000 nmethod 348 0x000000011136bed0 code [0x000000011136c020, 0x000000011136c130]
Event: 0.322 Thread 0x00007fe743018800 nmethod 359% 0x000000011136d0d0 code [0x000000011136d260, 0x000000011136d578]

GC Heap History (0 events):
No events

Deoptimization events (0 events):
No events

Internal exceptions (10 events):
Event: 0.287 Thread 0x00007fe741801000 Exception <a 'java/security/PrivilegedActionException'> (0x0000000795c5acb0) thrown at [/HUDSON3/workspace/8-2-build-macosx-x86_64/jdk8u20/1074/hotspot/src/share/vm/prims/jvm.cpp, line 1275]
Event: 0.288 Thread 0x00007fe741801000 Exception <a 'java/security/PrivilegedActionException'> (0x0000000795c60d70) thrown at [/HUDSON3/workspace/8-2-build-macosx-x86_64/jdk8u20/1074/hotspot/src/share/vm/prims/jvm.cpp, line 1275]
Event: 0.299 Thread 0x00007fe741801000 Exception <a 'java/lang/NullPointerException'> (0x0000000795ca9288) thrown at [/HUDSON3/workspace/8-2-build-macosx-x86_64/jdk8u20/1074/hotspot/src/share/vm/interpreter/linkResolver.cpp, line 1268]
Event: 0.299 Thread 0x00007fe741801000 Exception <a 'java/lang/reflect/InvocationTargetException'> (0x0000000795ca9438) thrown at [/HUDSON3/workspace/8-2-build-macosx-x86_64/jdk8u20/1074/hotspot/src/share/vm/runtime/reflection.cpp, line 1079]
Event: 0.299 Thread 0x00007fe741801000 Exception <a 'java/security/PrivilegedActionException'> (0x0000000795caaf20) thrown at [/HUDSON3/workspace/8-2-build-macosx-x86_64/jdk8u20/1074/hotspot/src/share/vm/prims/jvm.cpp, line 1275]
Event: 0.299 Thread 0x00007fe741801000 Exception <a 'java/security/PrivilegedActionException'> (0x0000000795cb1218) thrown at [/HUDSON3/workspace/8-2-build-macosx-x86_64/jdk8u20/1074/hotspot/src/share/vm/prims/jvm.cpp, line 1275]
Event: 0.300 Thread 0x00007fe741801000 Exception <a 'java/security/PrivilegedActionException'> (0x0000000795cb6f58) thrown at [/HUDSON3/workspace/8-2-build-macosx-x86_64/jdk8u20/1074/hotspot/src/share/vm/prims/jvm.cpp, line 1275]
Event: 0.302 Thread 0x00007fe741801000 Exception <a 'java/security/PrivilegedActionException'> (0x0000000795cd6a50) thrown at [/HUDSON3/workspace/8-2-build-macosx-x86_64/jdk8u20/1074/hotspot/src/share/vm/prims/jvm.cpp, line 1275]
Event: 0.309 Thread 0x00007fe741801000 Exception <a 'java/lang/NullPointerException'> (0x0000000795d2d6d0) thrown at [/HUDSON3/workspace/8-2-build-macosx-x86_64/jdk8u20/1074/hotspot/src/share/vm/interpreter/linkResolver.cpp, line 1268]
Event: 0.309 Thread 0x00007fe741801000 Exception <a 'java/lang/reflect/InvocationTargetException'> (0x0000000795d2d880) thrown at [/HUDSON3/workspace/8-2-build-macosx-x86_64/jdk8u20/1074/hotspot/src/share/vm/runtime/reflection.cpp, line 1079]

Events (10 events):
Event: 1751.074 Executing VM operation: RedefineClasses
Event: 1751.075 Executing VM operation: RedefineClasses done
Event: 18813.894 Executing VM operation: RedefineClasses
Event: 18813.905 Executing VM operation: RedefineClasses done
Event: 19427.733 Executing VM operation: RedefineClasses
Event: 19427.735 Executing VM operation: RedefineClasses done
Event: 19503.692 Executing VM operation: RedefineClasses
Event: 19503.694 Executing VM operation: RedefineClasses done
Event: 20717.271 Executing VM operation: RedefineClasses
Event: 20717.273 Executing VM operation: RedefineClasses done


Dynamic libraries:
0x000000000994c000 	/System/Library/Frameworks/Cocoa.framework/Versions/A/Cocoa
0x000000000994c000 	/System/Library/Frameworks/Security.framework/Versions/A/Security
0x000000000994c000 	/System/Library/Frameworks/ApplicationServices.framework/Versions/A/ApplicationServices
0x000000000994c000 	/usr/lib/libz.1.dylib
0x000000000994c000 	/usr/lib/libSystem.B.dylib
0x000000000994c000 	/usr/lib/libobjc.A.dylib
0x000000000994c000 	/System/Library/Frameworks/CoreFoundation.framework/Versions/A/CoreFoundation
0x000000000994c000 	/System/Library/Frameworks/Foundation.framework/Versions/C/Foundation
0x000000000994c000 	/System/Library/Frameworks/AppKit.framework/Versions/C/AppKit
0x000000000994c000 	/System/Library/Frameworks/CoreData.framework/Versions/A/CoreData
0x000000000994c000 	/System/Library/PrivateFrameworks/RemoteViewServices.framework/Versions/A/RemoteViewServices
0x000000000994c000 	/System/Library/PrivateFrameworks/UIFoundation.framework/Versions/A/UIFoundation
0x000000000994c000 	/System/Library/Frameworks/IOSurface.framework/Versions/A/IOSurface
0x000000000994c000 	/System/Library/Frameworks/AudioToolbox.framework/Versions/A/AudioToolbox
0x000000000994c000 	/System/Library/Frameworks/AudioUnit.framework/Versions/A/AudioUnit
0x000000000994c000 	/System/Library/PrivateFrameworks/DataDetectorsCore.framework/Versions/A/DataDetectorsCore
0x000000000994c000 	/System/Library/PrivateFrameworks/DesktopServicesPriv.framework/Versions/A/DesktopServicesPriv
0x000000000994c000 	/System/Library/Frameworks/Carbon.framework/Versions/A/Frameworks/HIToolbox.framework/Versions/A/HIToolbox
0x000000000994c000 	/System/Library/Frameworks/QuartzCore.framework/Versions/A/QuartzCore
0x000000000994c000 	/System/Library/Frameworks/Carbon.framework/Versions/A/Frameworks/SpeechRecognition.framework/Versions/A/SpeechRecognition
0x000000000994c000 	/usr/lib/libauto.dylib
0x000000000994c000 	/usr/lib/libicucore.A.dylib
0x000000000994c000 	/usr/lib/libxml2.2.dylib
0x000000000994c000 	/System/Library/PrivateFrameworks/CoreUI.framework/Versions/A/CoreUI
0x000000000994c000 	/System/Library/Frameworks/CoreAudio.framework/Versions/A/CoreAudio
0x000000000994c000 	/System/Library/Frameworks/DiskArbitration.framework/Versions/A/DiskArbitration
0x000000000994c000 	/usr/lib/liblangid.dylib
0x000000000994c000 	/System/Library/PrivateFrameworks/MultitouchSupport.framework/Versions/A/MultitouchSupport
0x000000000994c000 	/System/Library/Frameworks/IOKit.framework/Versions/A/IOKit
0x000000000994c000 	/usr/lib/libDiagnosticMessagesClient.dylib
0x000000000994c000 	/System/Library/Frameworks/CoreServices.framework/Versions/A/CoreServices
0x000000000994c000 	/System/Library/PrivateFrameworks/PerformanceAnalysis.framework/Versions/A/PerformanceAnalysis
0x000000000994c000 	/System/Library/PrivateFrameworks/GenerationalStorage.framework/Versions/A/GenerationalStorage
0x000000000994c000 	/System/Library/Frameworks/OpenGL.framework/Versions/A/OpenGL
0x000000000994c000 	/System/Library/PrivateFrameworks/Sharing.framework/Versions/A/Sharing
0x000000000994c000 	/System/Library/Frameworks/CoreGraphics.framework/Versions/A/CoreGraphics
0x000000000994c000 	/System/Library/Frameworks/CoreText.framework/Versions/A/CoreText
0x000000000994c000 	/System/Library/Frameworks/ImageIO.framework/Versions/A/ImageIO
0x000000000994c000 	/usr/lib/libextension.dylib
0x000000000994c000 	/System/Library/PrivateFrameworks/Backup.framework/Versions/A/Backup
0x000000000994c000 	/usr/lib/libarchive.2.dylib
0x000000000994c000 	/System/Library/Frameworks/CFNetwork.framework/Versions/A/CFNetwork
0x000000000994c000 	/System/Library/Frameworks/SystemConfiguration.framework/Versions/A/SystemConfiguration
0x000000000994c000 	/usr/lib/libCRFSuite.dylib
0x000000000994c000 	/usr/lib/libc++.1.dylib
0x000000000994c000 	/usr/lib/libc++abi.dylib
0x000000000994c000 	/usr/lib/system/libcache.dylib
0x000000000994c000 	/usr/lib/system/libcommonCrypto.dylib
0x000000000994c000 	/usr/lib/system/libcompiler_rt.dylib
0x000000000994c000 	/usr/lib/system/libcopyfile.dylib
0x000000000994c000 	/usr/lib/system/libcorecrypto.dylib
0x000000000994c000 	/usr/lib/system/libdispatch.dylib
0x000000000994c000 	/usr/lib/system/libdyld.dylib
0x000000000994c000 	/usr/lib/system/libkeymgr.dylib
0x000000000994c000 	/usr/lib/system/liblaunch.dylib
0x000000000994c000 	/usr/lib/system/libmacho.dylib
0x000000000994c000 	/usr/lib/system/libquarantine.dylib
0x000000000994c000 	/usr/lib/system/libremovefile.dylib
0x000000000994c000 	/usr/lib/system/libsystem_asl.dylib
0x000000000994c000 	/usr/lib/system/libsystem_blocks.dylib
0x000000000994c000 	/usr/lib/system/libsystem_c.dylib
0x000000000994c000 	/usr/lib/system/libsystem_configuration.dylib
0x000000000994c000 	/usr/lib/system/libsystem_coreservices.dylib
0x000000000994c000 	/usr/lib/system/libsystem_coretls.dylib
0x000000000994c000 	/usr/lib/system/libsystem_dnssd.dylib
0x000000000994c000 	/usr/lib/system/libsystem_info.dylib
0x000000000994c000 	/usr/lib/system/libsystem_kernel.dylib
0x000000000994c000 	/usr/lib/system/libsystem_m.dylib
0x000000000994c000 	/usr/lib/system/libsystem_malloc.dylib
0x000000000994c000 	/usr/lib/system/libsystem_network.dylib
0x000000000994c000 	/usr/lib/system/libsystem_networkextension.dylib
0x000000000994c000 	/usr/lib/system/libsystem_notify.dylib
0x000000000994c000 	/usr/lib/system/libsystem_platform.dylib
0x000000000994c000 	/usr/lib/system/libsystem_pthread.dylib
0x000000000994c000 	/usr/lib/system/libsystem_sandbox.dylib
0x000000000994c000 	/usr/lib/system/libsystem_secinit.dylib
0x000000000994c000 	/usr/lib/system/libsystem_stats.dylib
0x000000000994c000 	/usr/lib/system/libsystem_trace.dylib
0x000000000994c000 	/usr/lib/system/libunc.dylib
0x000000000994c000 	/usr/lib/system/libunwind.dylib
0x000000000994c000 	/usr/lib/system/libxpc.dylib
0x000000000994c000 	/usr/lib/libbz2.1.0.dylib
0x000000000994c000 	/usr/lib/liblzma.5.dylib
0x000000000994c000 	/usr/lib/libbsm.0.dylib
0x000000000994c000 	/usr/lib/libsqlite3.dylib
0x000000000994c000 	/usr/lib/system/libkxld.dylib
0x000000000994c000 	/usr/lib/libxar.1.dylib
0x000000000994c000 	/usr/lib/libpam.2.dylib
0x000000000994c000 	/usr/lib/libOpenScriptingUtil.dylib
0x000000000994c000 	/System/Library/Frameworks/CoreServices.framework/Versions/A/Frameworks/FSEvents.framework/Versions/A/FSEvents
0x000000000994c000 	/System/Library/Frameworks/CoreServices.framework/Versions/A/Frameworks/CarbonCore.framework/Versions/A/CarbonCore
0x000000000994c000 	/System/Library/Frameworks/CoreServices.framework/Versions/A/Frameworks/Metadata.framework/Versions/A/Metadata
0x000000000994c000 	/System/Library/Frameworks/CoreServices.framework/Versions/A/Frameworks/OSServices.framework/Versions/A/OSServices
0x000000000994c000 	/System/Library/Frameworks/CoreServices.framework/Versions/A/Frameworks/SearchKit.framework/Versions/A/SearchKit
0x000000000994c000 	/System/Library/Frameworks/CoreServices.framework/Versions/A/Frameworks/AE.framework/Versions/A/AE
0x000000000994c000 	/System/Library/Frameworks/CoreServices.framework/Versions/A/Frameworks/LaunchServices.framework/Versions/A/LaunchServices
0x000000000994c000 	/System/Library/Frameworks/CoreServices.framework/Versions/A/Frameworks/DictionaryServices.framework/Versions/A/DictionaryServices
0x000000000994c000 	/System/Library/Frameworks/NetFS.framework/Versions/A/NetFS
0x000000000994c000 	/System/Library/PrivateFrameworks/NetAuth.framework/Versions/A/NetAuth
0x000000000994c000 	/System/Library/PrivateFrameworks/login.framework/Versions/A/Frameworks/loginsupport.framework/Versions/A/loginsupport
0x000000000994c000 	/System/Library/PrivateFrameworks/TCC.framework/Versions/A/TCC
0x000000000994c000 	/usr/lib/libmecabra.dylib
0x000000000994c000 	/System/Library/Frameworks/ApplicationServices.framework/Versions/A/Frameworks/ATS.framework/Versions/A/ATS
0x000000000994c000 	/System/Library/Frameworks/ApplicationServices.framework/Versions/A/Frameworks/ColorSync.framework/Versions/A/ColorSync
0x000000000994c000 	/System/Library/Frameworks/ApplicationServices.framework/Versions/A/Frameworks/HIServices.framework/Versions/A/HIServices
0x000000000994c000 	/System/Library/Frameworks/ApplicationServices.framework/Versions/A/Frameworks/LangAnalysis.framework/Versions/A/LangAnalysis
0x000000000994c000 	/System/Library/Frameworks/ApplicationServices.framework/Versions/A/Frameworks/PrintCore.framework/Versions/A/PrintCore
0x000000000994c000 	/System/Library/Frameworks/ApplicationServices.framework/Versions/A/Frameworks/QD.framework/Versions/A/QD
0x000000000994c000 	/System/Library/Frameworks/ApplicationServices.framework/Versions/A/Frameworks/SpeechSynthesis.framework/Versions/A/SpeechSynthesis
0x000000000994c000 	/System/Library/Frameworks/Accelerate.framework/Versions/A/Accelerate
0x000000000994c000 	/System/Library/Frameworks/Accelerate.framework/Versions/A/Frameworks/vImage.framework/Versions/A/vImage
0x000000000994c000 	/System/Library/Frameworks/Accelerate.framework/Versions/A/Frameworks/vecLib.framework/Versions/A/vecLib
0x000000000994c000 	/System/Library/Frameworks/Accelerate.framework/Versions/A/Frameworks/vecLib.framework/Versions/A/libvDSP.dylib
0x000000000994c000 	/System/Library/Frameworks/Accelerate.framework/Versions/A/Frameworks/vecLib.framework/Versions/A/libvMisc.dylib
0x000000000994c000 	/System/Library/Frameworks/Accelerate.framework/Versions/A/Frameworks/vecLib.framework/Versions/A/libLAPACK.dylib
0x000000000994c000 	/System/Library/Frameworks/Accelerate.framework/Versions/A/Frameworks/vecLib.framework/Versions/A/libBLAS.dylib
0x000000000994c000 	/System/Library/Frameworks/Accelerate.framework/Versions/A/Frameworks/vecLib.framework/Versions/A/libLinearAlgebra.dylib
0x000000000994c000 	/System/Library/Frameworks/ApplicationServices.framework/Versions/A/Frameworks/ATS.framework/Versions/A/Resources/libFontParser.dylib
0x000000000994c000 	/System/Library/Frameworks/ApplicationServices.framework/Versions/A/Frameworks/ATS.framework/Versions/A/Resources/libFontRegistry.dylib
0x000000000994c000 	/System/Library/PrivateFrameworks/AppleVPA.framework/Versions/A/AppleVPA
0x000000000994c000 	/System/Library/PrivateFrameworks/AppleJPEG.framework/Versions/A/AppleJPEG
0x000000000994c000 	/System/Library/Frameworks/ImageIO.framework/Versions/A/Resources/libJPEG.dylib
0x000000000994c000 	/System/Library/Frameworks/ImageIO.framework/Versions/A/Resources/libTIFF.dylib
0x000000000994c000 	/System/Library/Frameworks/ImageIO.framework/Versions/A/Resources/libPng.dylib
0x000000000994c000 	/System/Library/Frameworks/ImageIO.framework/Versions/A/Resources/libGIF.dylib
0x000000000994c000 	/System/Library/Frameworks/ImageIO.framework/Versions/A/Resources/libJP2.dylib
0x000000000994c000 	/System/Library/Frameworks/ImageIO.framework/Versions/A/Resources/libRadiance.dylib
0x000000000994c000 	/System/Library/Frameworks/CoreVideo.framework/Versions/A/CoreVideo
0x000000000994c000 	/System/Library/Frameworks/OpenGL.framework/Versions/A/Libraries/libGLU.dylib
0x000000000994c000 	/System/Library/Frameworks/OpenGL.framework/Versions/A/Libraries/libGFXShared.dylib
0x000000000994c000 	/System/Library/Frameworks/OpenGL.framework/Versions/A/Libraries/libGL.dylib
0x000000000994c000 	/System/Library/Frameworks/OpenGL.framework/Versions/A/Libraries/libGLImage.dylib
0x000000000994c000 	/System/Library/Frameworks/OpenGL.framework/Versions/A/Libraries/libCVMSPluginSupport.dylib
0x000000000994c000 	/System/Library/Frameworks/OpenGL.framework/Versions/A/Libraries/libCoreVMClient.dylib
0x000000000994c000 	/usr/lib/libcups.2.dylib
0x000000000994c000 	/System/Library/Frameworks/Kerberos.framework/Versions/A/Kerberos
0x000000000994c000 	/System/Library/Frameworks/GSS.framework/Versions/A/GSS
0x000000000994c000 	/usr/lib/libresolv.9.dylib
0x000000000994c000 	/usr/lib/libiconv.2.dylib
0x000000000994c000 	/System/Library/PrivateFrameworks/Heimdal.framework/Versions/A/Heimdal
0x000000000994c000 	/usr/lib/libheimdal-asn1.dylib
0x000000000994c000 	/System/Library/Frameworks/OpenDirectory.framework/Versions/A/OpenDirectory
0x000000000994c000 	/System/Library/PrivateFrameworks/CommonAuth.framework/Versions/A/CommonAuth
0x000000000994c000 	/System/Library/Frameworks/OpenDirectory.framework/Versions/A/Frameworks/CFOpenDirectory.framework/Versions/A/CFOpenDirectory
0x000000000994c000 	/System/Library/Frameworks/SecurityFoundation.framework/Versions/A/SecurityFoundation
0x000000000994c000 	/System/Library/PrivateFrameworks/LanguageModeling.framework/Versions/A/LanguageModeling
0x000000000994c000 	/usr/lib/libcmph.dylib
0x000000000994c000 	/System/Library/Frameworks/ServiceManagement.framework/Versions/A/ServiceManagement
0x000000000994c000 	/usr/lib/libxslt.1.dylib
0x000000000994c000 	/System/Library/Frameworks/Carbon.framework/Versions/A/Frameworks/Ink.framework/Versions/A/Ink
0x000000000994c000 	/System/Library/Frameworks/QuartzCore.framework/Versions/A/Frameworks/CoreImage.framework/Versions/A/CoreImage
0x000000000994c000 	/System/Library/PrivateFrameworks/CrashReporterSupport.framework/Versions/A/CrashReporterSupport
0x000000000994c000 	/System/Library/Frameworks/OpenCL.framework/Versions/A/OpenCL
0x000000000994c000 	/System/Library/PrivateFrameworks/FaceCore.framework/Versions/A/FaceCore
0x000000000994c000 	/System/Library/PrivateFrameworks/Ubiquity.framework/Versions/A/Ubiquity
0x000000000994c000 	/System/Library/PrivateFrameworks/IconServices.framework/Versions/A/IconServices
0x000000000994c000 	/System/Library/PrivateFrameworks/ChunkingLibrary.framework/Versions/A/ChunkingLibrary
0x000000000994c000 	/System/Library/PrivateFrameworks/Apple80211.framework/Versions/A/Apple80211
0x000000000994c000 	/System/Library/Frameworks/CoreWLAN.framework/Versions/A/CoreWLAN
0x000000000994c000 	/System/Library/Frameworks/IOBluetooth.framework/Versions/A/IOBluetooth
0x000000000994c000 	/System/Library/PrivateFrameworks/CoreWiFi.framework/Versions/A/CoreWiFi
0x000000000994c000 	/System/Library/Frameworks/CoreBluetooth.framework/Versions/A/CoreBluetooth
0x000000000994c000 	/System/Library/PrivateFrameworks/DebugSymbols.framework/Versions/A/DebugSymbols
0x000000000994c000 	/System/Library/PrivateFrameworks/CoreSymbolication.framework/Versions/A/CoreSymbolication
0x000000000994c000 	/System/Library/PrivateFrameworks/Symbolication.framework/Versions/A/Symbolication
0x000000000994c000 	/System/Library/PrivateFrameworks/SpeechRecognitionCore.framework/Versions/A/SpeechRecognitionCore
0x0000000110200000 	/Library/Java/JavaVirtualMachines/jdk1.8.0_20.jdk/Contents/Home/jre/lib/server/libjvm.dylib
0x000000000994c000 	/usr/lib/libstdc++.6.dylib
0x000000010f1d4000 	/Library/Java/JavaVirtualMachines/jdk1.8.0_20.jdk/Contents/Home/jre/lib/libverify.dylib
0x000000011111b000 	/Library/Java/JavaVirtualMachines/jdk1.8.0_20.jdk/Contents/Home/jre/lib/libjava.dylib
0x000000011114f000 	/Library/Java/JavaVirtualMachines/jdk1.8.0_20.jdk/Contents/Home/jre/lib/libjdwp.dylib
0x000000010f1e3000 	/Library/Java/JavaVirtualMachines/jdk1.8.0_20.jdk/Contents/Home/jre/lib/libnpt.dylib
0x000000010f1f0000 	/Library/Java/JavaVirtualMachines/jdk1.8.0_20.jdk/Contents/Home/jre/lib/libzip.dylib
0x000000012829a000 	/System/Library/Frameworks/JavaVM.framework/Frameworks/JavaRuntimeSupport.framework/JavaRuntimeSupport
0x00000001282b2000 	/System/Library/Frameworks/JavaVM.framework/Versions/A/Frameworks/JavaNativeFoundation.framework/Versions/A/JavaNativeFoundation
0x00000001282c7000 	/System/Library/Frameworks/JavaVM.framework/Versions/A/JavaVM
0x000000000994c000 	/System/Library/Frameworks/Carbon.framework/Versions/A/Carbon
0x00000001282d4000 	/System/Library/PrivateFrameworks/JavaLaunching.framework/Versions/A/JavaLaunching
0x000000000994c000 	/System/Library/Frameworks/Carbon.framework/Versions/A/Frameworks/CommonPanels.framework/Versions/A/CommonPanels
0x000000000994c000 	/System/Library/Frameworks/Carbon.framework/Versions/A/Frameworks/Help.framework/Versions/A/Help
0x000000000994c000 	/System/Library/Frameworks/Carbon.framework/Versions/A/Frameworks/ImageCapture.framework/Versions/A/ImageCapture
0x000000000994c000 	/System/Library/Frameworks/Carbon.framework/Versions/A/Frameworks/OpenScripting.framework/Versions/A/OpenScripting
0x000000000994c000 	/System/Library/Frameworks/Carbon.framework/Versions/A/Frameworks/Print.framework/Versions/A/Print
0x000000000994c000 	/System/Library/Frameworks/Carbon.framework/Versions/A/Frameworks/SecurityHI.framework/Versions/A/SecurityHI
0x0000000129cb1000 	/Library/Java/JavaVirtualMachines/jdk1.8.0_20.jdk/Contents/Home/jre/lib/libdt_socket.dylib

VM Arguments:
jvm_args: -agentlib:jdwp=transport=dt_socket,address=127.0.0.1:62899,suspend=y,server=n -ea -Dfile.encoding=UTF-8 
java_command: com.intellij.rt.execution.junit.JUnitStarter -ideVersion5 GraphAlgorithmsStudentTest
java_class_path (initial): /Applications/IntelliJ IDEA 14 CE.app/Contents/lib/idea_rt.jar:/Applications/IntelliJ IDEA 14 CE.app/Contents/plugins/junit/lib/junit-rt.jar:/Library/Java/JavaVirtualMachines/jdk1.8.0_20.jdk/Contents/Home/lib/ant-javafx.jar:/Library/Java/JavaVirtualMachines/jdk1.8.0_20.jdk/Contents/Home/lib/dt.jar:/Library/Java/JavaVirtualMachines/jdk1.8.0_20.jdk/Contents/Home/lib/javafx-mx.jar:/Library/Java/JavaVirtualMachines/jdk1.8.0_20.jdk/Contents/Home/lib/jconsole.jar:/Library/Java/JavaVirtualMachines/jdk1.8.0_20.jdk/Contents/Home/lib/sa-jdi.jar:/Library/Java/JavaVirtualMachines/jdk1.8.0_20.jdk/Contents/Home/lib/tools.jar:/Library/Java/JavaVirtualMachines/jdk1.8.0_20.jdk/Contents/Home/jre/lib/charsets.jar:/Library/Java/JavaVirtualMachines/jdk1.8.0_20.jdk/Contents/Home/jre/lib/deploy.jar:/Library/Java/JavaVirtualMachines/jdk1.8.0_20.jdk/Contents/Home/jre/lib/javaws.jar:/Library/Java/JavaVirtualMachines/jdk1.8.0_20.jdk/Contents/Home/jre/lib/jce.jar:/Library/Java/JavaVirtualMachines/jdk1.8.0_20.jdk/Contents/Home/jre/lib/jfr.jar:/Library/Java/JavaVirtualMachines/jdk1.8.0_20.jdk/Contents/Home/jre/lib/jfxswt.jar:/Library/Java/JavaVirtualMachines/jdk1.8.0_20.jdk/Contents/Home/jre/lib/jsse.jar:/Library/Java/JavaVirtualMachines/jdk1.8.0_20.jdk/Contents/Home/jre/lib/management-agent.jar:/Library/Java/JavaVirtualMachines/jdk1.8.0_20.jdk/Contents/Home/jre/lib/plugin.jar:/Library/Java/JavaVirtualMachines/jdk1.8.0_20.jdk/Contents/Home/jre/lib/resources.jar:/Library/Java/JavaVirtualMachines/jdk1.8.0_20.jdk/Contents/Home/jre/lib/rt.jar:/Library/Java/JavaVirtualMachines/jdk1.8.0_20.jdk/Contents/Home/jre/lib/ext/cldrdata.jar:/Library/Java/JavaVirtualMachines/jdk1.8.0_20.jdk/Contents/Home/jre/lib/ext/dnsns.jar:/Library/Java/JavaVirtualMachines/jdk1.8.0_20.jdk/Contents/Home/jre/lib/ext/jfxrt.jar:/Library/Java/JavaVirtualMachines/jdk1.8.0_20.jdk/Contents/Home/jre/lib/ext/localedata.jar:/Library/Java/JavaVirtualMachines/jdk1.8.0_20.jdk/Contents/Home/jre/lib/ext/nashorn.
Launcher Type: SUN_STANDARD

Environment Variables:
PATH=/usr/local/bin:/usr/bin:/bin:/usr/sbin:/sbin
SHELL=/bin/bash

Signal Handlers:
SIGSEGV: [libjvm.dylib+0x578fd7], sa_mask[0]=11111111011111110111111111111111, sa_flags=SA_ONSTACK|SA_RESTART|SA_SIGINFO
SIGBUS: [libjvm.dylib+0x578fd7], sa_mask[0]=11111111011111110111111111111111, sa_flags=SA_RESTART|SA_SIGINFO
SIGFPE: [libjvm.dylib+0x45ab0c], sa_mask[0]=11111111011111110111111111111111, sa_flags=SA_RESTART|SA_SIGINFO
SIGPIPE: [libjvm.dylib+0x45ab0c], sa_mask[0]=11111111011111110111111111111111, sa_flags=SA_RESTART|SA_SIGINFO
SIGXFSZ: [libjvm.dylib+0x45ab0c], sa_mask[0]=11111111011111110111111111111111, sa_flags=SA_RESTART|SA_SIGINFO
SIGILL: [libjvm.dylib+0x45ab0c], sa_mask[0]=11111111011111110111111111111111, sa_flags=SA_RESTART|SA_SIGINFO
SIGUSR1: SIG_DFL, sa_mask[0]=00000000000000000000000000000000, sa_flags=none
SIGUSR2: [libjvm.dylib+0x45a62a], sa_mask[0]=00100000000000000000000000000000, sa_flags=SA_RESTART|SA_SIGINFO
SIGHUP: [libjvm.dylib+0x458bfd], sa_mask[0]=11111111011111110111111111111111, sa_flags=SA_RESTART|SA_SIGINFO
SIGINT: [libjvm.dylib+0x458bfd], sa_mask[0]=11111111011111110111111111111111, sa_flags=SA_RESTART|SA_SIGINFO
SIGTERM: [libjvm.dylib+0x458bfd], sa_mask[0]=11111111011111110111111111111111, sa_flags=SA_RESTART|SA_SIGINFO
SIGQUIT: [libjvm.dylib+0x458bfd], sa_mask[0]=11111111011111110111111111111111, sa_flags=SA_RESTART|SA_SIGINFO


---------------  S Y S T E M  ---------------

OS:Bsduname:Darwin 14.3.0 Darwin Kernel Version 14.3.0: Thu Feb 12 18:38:33 PST 2015; root:xnu-2782.20.34~3/RELEASE_X86_64 x86_64
rlimit: STACK 8192k, CORE 0k, NPROC 709, NOFILE 10240, AS infinity
load average:3.23 3.27 3.35

CPU:total 8 (4 cores per cpu, 2 threads per core) family 6 model 70 stepping 1, cmov, cx8, fxsr, mmx, sse, sse2, sse3, ssse3, sse4.1, sse4.2, popcnt, avx, avx2, aes, clmul, erms, rtm, lzcnt, ht, tsc, tscinvbit, bmi1, bmi2

Memory: 4k page, physical 8388608k(102408k free)

/proc/meminfo:


vm_info: Java HotSpot(TM) 64-Bit Server VM (25.20-b23) for bsd-amd64 JRE (1.8.0_20-b26), built on Jul 30 2014 13:37:47 by "java_re" with gcc 4.2.1 (Based on Apple Inc. build 5658) (LLVM build 2336.9.00)

time: Wed Apr 15 13:41:20 2015
elapsed time: 20760 seconds (0d 5h 46m 0s)

