#
# A fatal error has been detected by the Java Runtime Environment:
#
#  SIGSEGV (0xb) at pc=0x0000000104422d8c, pid=2969, tid=18691
#
# JRE version: Java(TM) SE Runtime Environment (8.0_20-b26) (build 1.8.0_20-b26)
# Java VM: Java HotSpot(TM) 64-Bit Server VM (25.20-b23 mixed mode bsd-amd64 compressed oops)
# Problematic frame:
# V  [libjvm.dylib+0x422d8c]
#
# Failed to write core dump. Core dumps have been disabled. To enable core dumping, try "ulimit -c unlimited" before starting Java again
#
# If you would like to submit a bug report, please visit:
#   http://bugreport.sun.com/bugreport/crash.jsp
#

---------------  T H R E A D  ---------------

Current thread (0x00007ff2df00e800):  JavaThread "JDWP Transport Listener: dt_socket" daemon [_thread_in_vm, id=18691, stack(0x000000011db04000,0x000000011dc04000)]

siginfo: si_signo: 11 (SIGSEGV), si_code: 1 (SEGV_MAPERR), si_addr: 0x0000000000000002

Registers:
RAX=0x0000000000000001, RBX=0x000000011dc03a8b, RCX=0x00000001047d5c80, RDX=0x000000011dc03a8b
RSP=0x000000011dc039d0, RBP=0x000000011dc039e0, RSI=0x00007ff2df00e800, RDI=0x0000000000000002
R8 =0x0000000000000001, R9 =0x00007ff2dbf00000, R10=0x0000000000000020, R11=0x00007ff2dbf00000
R12=0x00007ff2df00e800, R13=0x0000000000000002, R14=0x0000000000000002, R15=0x00007ff2dbc1f270
RIP=0x0000000104422d8c, EFLAGS=0x0000000000010202, ERR=0x0000000000000004
  TRAPNO=0x000000000000000e

Top of Stack: (sp=0x000000011dc039d0)
0x000000011dc039d0:   000000011dc03a8b 000000011dc03a8b
0x000000011dc039e0:   000000011dc03a40 0000000104334ec2
0x000000011dc039f0:   00007ff2df00e800 0000000000000000
0x000000011dc03a00:   0000000000000000 0000000000000000
0x000000011dc03a10:   00007ff2df00e800 00007ff2df00e800
0x000000011dc03a20:   000000011dc03a8b 000000011dc03a90
0x000000011dc03a30:   0000000000000002 0000000000000004
0x000000011dc03a40:   000000011dc03a60 0000000102f807dc
0x000000011dc03a50:   0000000000000001 000000011dc03b08
0x000000011dc03a60:   000000011dc03ad0 0000000102f65263
0x000000011dc03a70:   000000011dc03aa0 00007ff2dd8059f0
0x000000011dc03a80:   0000000500000032 0000000900c03b08
0x000000011dc03a90:   0000000000000000 0000000000000000
0x000000011dc03aa0:   0000000000000000 000000011dc03c90
0x000000011dc03ab0:   0000000102f87eca 00007ff2dd81d6d0
0x000000011dc03ac0:   000000011dc03b08 0000000102f93588
0x000000011dc03ad0:   000000011dc03ae0 0000000102f6535c
0x000000011dc03ae0:   000000011dc03d00 0000000102f6e8f6
0x000000011dc03af0:   0000876400000013 00000000000f0200
0x000000011dc03b00:   00007ff2dd81ce30 00007ff2dd81ecb1
0x000000011dc03b10:   00007ff200000197 00007ff2dd81dd60
0x000000011dc03b20:   00007ff20000012c 000000011dc03b58
0x000000011dc03b30:   00007ff2dd81dd60 00007f0000000000
0x000000011dc03b40:   000087640000000f 00007fff00001f80
0x000000011dc03b50:   000000011dc03b58 f27f000005000000
0x000000011dc03b60:   03000000d858c4db 2840000000736664
0x000000011dc03b70:   4c3b68706172474c 6974752f6176616a
0x000000011dc03b80:   6a4c3b70614d2f6c 6c6974752f617661
0x000000011dc03b90:   564c3b7473694c2f 4c293b7865747265
0x000000011dc03ba0:   6974752f6176616a 003b7473694c2f6c
0x000000011dc03bb0:   6172474c28710000 6176616a4c3b6870
0x000000011dc03bc0:   614d2f6c6974752f 65747265564c3c70 

Instructions: (pc=0x0000000104422d8c)
0x0000000104422d6c:   40 48 48 85 c0 75 e0 30 c0 0f b6 c0 5d c3 31 c0
0x0000000104422d7c:   5d c3 55 48 89 e5 53 48 83 ec 08 48 85 ff 74 24
0x0000000104422d8c:   48 8b 1f 48 85 db 74 1c 48 83 fb 37 74 16 48 8b
0x0000000104422d9c:   03 48 89 df ff 50 10 84 c0 b8 00 00 00 00 48 0f 

Register to memory mapping:

RAX=0x0000000000000001 is an unknown value
RBX=0x000000011dc03a8b is pointing into the stack for thread: 0x00007ff2df00e800
RCX=0x00000001047d5c80: UseMembar+0 in /Library/Java/JavaVirtualMachines/jdk1.8.0_20.jdk/Contents/Home/jre/lib/server/libjvm.dylib at 0x0000000104000000
RDX=0x000000011dc03a8b is pointing into the stack for thread: 0x00007ff2df00e800
RSP=0x000000011dc039d0 is pointing into the stack for thread: 0x00007ff2df00e800
RBP=0x000000011dc039e0 is pointing into the stack for thread: 0x00007ff2df00e800
RSI=0x00007ff2df00e800 is a thread
RDI=0x0000000000000002 is an unknown value
R8 =0x0000000000000001 is an unknown value
R9 =0x00007ff2dbf00000 is an unknown value
R10=0x0000000000000020 is an unknown value
R11=0x00007ff2dbf00000 is an unknown value
R12=0x00007ff2df00e800 is a thread
R13=0x0000000000000002 is an unknown value
R14=0x0000000000000002 is an unknown value
R15=0x00007ff2dbc1f270 is an unknown value


Stack: [0x000000011db04000,0x000000011dc04000],  sp=0x000000011dc039d0,  free space=1022k
Native frames: (J=compiled Java code, j=interpreted, Vv=VM code, C=native code)
V  [libjvm.dylib+0x422d8c]
V  [libjvm.dylib+0x334ec2]
C  [libjdwp.dylib+0x207dc]  isMethodSynthetic+0x63
C  [libjdwp.dylib+0x5263]  methods1+0x10b
C  [libjdwp.dylib+0x535c]  methodsWithGeneric+0xe
C  [libjdwp.dylib+0xe8f6]  debugLoop_run+0x1ce
C  [libjdwp.dylib+0x1f716]  attachThread+0x4d
V  [libjvm.dylib+0x375f22]
V  [libjvm.dylib+0x535a51]
V  [libjvm.dylib+0x537194]
V  [libjvm.dylib+0x45d35a]
C  [libsystem_pthread.dylib+0x3268]  _pthread_body+0x83
C  [libsystem_pthread.dylib+0x31e5]  _pthread_body+0x0
C  [libsystem_pthread.dylib+0x141d]  thread_start+0xd
C  0x0000000000000000


---------------  P R O C E S S  ---------------

Java Threads: ( => current thread )
  0x00007ff2dc047800 JavaThread "Service Thread" daemon [_thread_blocked, id=22275, stack(0x000000011e219000,0x000000011e319000)]
  0x00007ff2df010000 JavaThread "C1 CompilerThread3" daemon [_thread_blocked, id=21763, stack(0x000000011e116000,0x000000011e216000)]
  0x00007ff2df00f000 JavaThread "C2 CompilerThread2" daemon [_thread_blocked, id=21251, stack(0x000000011e013000,0x000000011e113000)]
  0x00007ff2df803000 JavaThread "C2 CompilerThread1" daemon [_thread_blocked, id=20739, stack(0x000000011df10000,0x000000011e010000)]
  0x00007ff2df802000 JavaThread "C2 CompilerThread0" daemon [_thread_blocked, id=20227, stack(0x000000011de0d000,0x000000011df0d000)]
  0x00007ff2dc039800 JavaThread "JDWP Command Reader" daemon [_thread_in_native, id=19715, stack(0x000000011dd0a000,0x000000011de0a000)]
  0x00007ff2de011800 JavaThread "JDWP Event Helper Thread" daemon [_thread_blocked, id=19203, stack(0x000000011dc07000,0x000000011dd07000)]
=>0x00007ff2df00e800 JavaThread "JDWP Transport Listener: dt_socket" daemon [_thread_in_vm, id=18691, stack(0x000000011db04000,0x000000011dc04000)]
  0x00007ff2de82b000 JavaThread "Signal Dispatcher" daemon [_thread_blocked, id=15379, stack(0x000000011d9fa000,0x000000011dafa000)]
  0x00007ff2dc038800 JavaThread "Finalizer" daemon [_thread_blocked, id=13571, stack(0x000000011bff4000,0x000000011c0f4000)]
  0x00007ff2dc80d800 JavaThread "Reference Handler" daemon [_thread_blocked, id=13059, stack(0x000000011bef1000,0x000000011bff1000)]
  0x00007ff2de801000 JavaThread "main" [_thread_blocked, id=4867, stack(0x0000000104f1c000,0x000000010501c000)]

Other Threads:
  0x00007ff2de005800 VMThread [stack: 0x000000011bdee000,0x000000011beee000] [id=12547]
  0x00007ff2dc03f000 WatcherThread [stack: 0x000000011e31c000,0x000000011e41c000] [id=22787]

VM state:not at safepoint (normal execution)

VM Mutex/Monitor currently owned by a thread: None

Heap:
 PSYoungGen      total 38400K, used 8655K [0x0000000795580000, 0x0000000798000000, 0x00000007c0000000)
  eden space 33280K, 26% used [0x0000000795580000,0x0000000795df3dc8,0x0000000797600000)
  from space 5120K, 0% used [0x0000000797b00000,0x0000000797b00000,0x0000000798000000)
  to   space 5120K, 0% used [0x0000000797600000,0x0000000797600000,0x0000000797b00000)
 ParOldGen       total 87552K, used 0K [0x0000000740000000, 0x0000000745580000, 0x0000000795580000)
  object space 87552K, 0% used [0x0000000740000000,0x0000000740000000,0x0000000745580000)
 Metaspace       used 4797K, capacity 5216K, committed 5504K, reserved 1056768K
  class space    used 551K, capacity 592K, committed 640K, reserved 1048576K

Card table byte_map: [0x00000001143de000,0x00000001147df000] byte_map_base: 0x00000001109de000

Marking Bits: (ParMarkBitMap*) 0x000000010489c330
 Begin Bits: [0x00000001152a2000, 0x00000001172a2000)
 End Bits:   [0x00000001172a2000, 0x00000001192a2000)

Polling page: 0x0000000102f5f000

CodeCache: size=245760Kb used=1854Kb max_used=1862Kb free=243905Kb
 bounds [0x000000010501e000, 0x000000010528e000, 0x000000011401e000]
 total_blobs=615 nmethods=357 adapters=181
 compilation: enabled

Compilation events (10 events):
Event: 0.402 Thread 0x00007ff2df803000 nmethod 355 0x00000001051ed590 code [0x00000001051ed6e0, 0x00000001051ed8f8]
Event: 0.402 Thread 0x00007ff2df010000 nmethod 346 0x00000001051ecfd0 code [0x00000001051ed160, 0x00000001051ed418]
Event: 0.402 Thread 0x00007ff2df010000  350       3       java.util.Scanner::clearCaches (11 bytes)
Event: 0.402 Thread 0x00007ff2df010000 nmethod 350 0x00000001051ecc90 code [0x00000001051ecde0, 0x00000001051ecf50]
Event: 0.402 Thread 0x00007ff2df010000  321       1       java.util.regex.Matcher::requireEnd (5 bytes)
Event: 0.402 Thread 0x00007ff2df010000 nmethod 321 0x00000001051e1250 code [0x00000001051e13a0, 0x00000001051e14b0]
Event: 0.402 Thread 0x00007ff2df010000  322       1       java.util.regex.Matcher::hitEnd (5 bytes)
Event: 0.402 Thread 0x00007ff2df010000 nmethod 322 0x00000001051ec9d0 code [0x00000001051ecb20, 0x00000001051ecc30]
Event: 0.402 Thread 0x00007ff2df010000  349       1       org.junit.runner.Description::getChildren (5 bytes)
Event: 0.402 Thread 0x00007ff2df010000 nmethod 349 0x00000001051eed10 code [0x00000001051eee60, 0x00000001051eef70]

GC Heap History (0 events):
No events

Deoptimization events (0 events):
No events

Internal exceptions (10 events):
Event: 0.378 Thread 0x00007ff2de801000 Exception <a 'java/security/PrivilegedActionException'> (0x0000000795c60e28) thrown at [/HUDSON3/workspace/8-2-build-macosx-x86_64/jdk8u20/1074/hotspot/src/share/vm/prims/jvm.cpp, line 1275]
Event: 0.385 Thread 0x00007ff2de801000 Exception <a 'java/lang/NullPointerException'> (0x0000000795ca92f0) thrown at [/HUDSON3/workspace/8-2-build-macosx-x86_64/jdk8u20/1074/hotspot/src/share/vm/interpreter/linkResolver.cpp, line 1268]
Event: 0.385 Thread 0x00007ff2de801000 Exception <a 'java/lang/reflect/InvocationTargetException'> (0x0000000795ca94a0) thrown at [/HUDSON3/workspace/8-2-build-macosx-x86_64/jdk8u20/1074/hotspot/src/share/vm/runtime/reflection.cpp, line 1079]
Event: 0.385 Thread 0x00007ff2de801000 Exception <a 'java/security/PrivilegedActionException'> (0x0000000795caaf88) thrown at [/HUDSON3/workspace/8-2-build-macosx-x86_64/jdk8u20/1074/hotspot/src/share/vm/prims/jvm.cpp, line 1275]
Event: 0.386 Thread 0x00007ff2de801000 Exception <a 'java/security/PrivilegedActionException'> (0x0000000795cb1280) thrown at [/HUDSON3/workspace/8-2-build-macosx-x86_64/jdk8u20/1074/hotspot/src/share/vm/prims/jvm.cpp, line 1275]
Event: 0.386 Thread 0x00007ff2de801000 Exception <a 'java/security/PrivilegedActionException'> (0x0000000795cb6fc0) thrown at [/HUDSON3/workspace/8-2-build-macosx-x86_64/jdk8u20/1074/hotspot/src/share/vm/prims/jvm.cpp, line 1275]
Event: 0.389 Thread 0x00007ff2de801000 Exception <a 'java/security/PrivilegedActionException'> (0x0000000795cd6ab8) thrown at [/HUDSON3/workspace/8-2-build-macosx-x86_64/jdk8u20/1074/hotspot/src/share/vm/prims/jvm.cpp, line 1275]
Event: 0.395 Thread 0x00007ff2de801000 Exception <a 'java/lang/NullPointerException'> (0x0000000795d2d640) thrown at [/HUDSON3/workspace/8-2-build-macosx-x86_64/jdk8u20/1074/hotspot/src/share/vm/interpreter/linkResolver.cpp, line 1268]
Event: 0.395 Thread 0x00007ff2de801000 Exception <a 'java/lang/reflect/InvocationTargetException'> (0x0000000795d2d7f0) thrown at [/HUDSON3/workspace/8-2-build-macosx-x86_64/jdk8u20/1074/hotspot/src/share/vm/runtime/reflection.cpp, line 1079]
Event: 4.971 Thread 0x00007ff2de801000 Exception <a 'java/lang/reflect/InvocationTargetException'> (0x0000000795d9a080) thrown at [/HUDSON3/workspace/8-2-build-macosx-x86_64/jdk8u20/1074/hotspot/src/share/vm/runtime/reflection.cpp, line 1079]

Events (10 events):
Event: 1817.670 Executing VM operation: RedefineClasses
Event: 1817.672 Executing VM operation: RedefineClasses done
Event: 18880.520 Executing VM operation: RedefineClasses
Event: 18880.527 Executing VM operation: RedefineClasses done
Event: 19494.263 Executing VM operation: RedefineClasses
Event: 19494.264 Executing VM operation: RedefineClasses done
Event: 19570.340 Executing VM operation: RedefineClasses
Event: 19570.341 Executing VM operation: RedefineClasses done
Event: 20783.841 Executing VM operation: RedefineClasses
Event: 20783.845 Executing VM operation: RedefineClasses done


Dynamic libraries:
0x000000000994c000 	/System/Library/Frameworks/Cocoa.framework/Versions/A/Cocoa
0x000000000994c000 	/System/Library/Frameworks/Security.framework/Versions/A/Security
0x000000000994c000 	/System/Library/Frameworks/ApplicationServices.framework/Versions/A/ApplicationServices
0x000000000994c000 	/usr/lib/libz.1.dylib
0x000000000994c000 	/usr/lib/libSystem.B.dylib
0x000000000994c000 	/usr/lib/libobjc.A.dylib
0x000000000994c000 	/System/Library/Frameworks/CoreFoundation.framework/Versions/A/CoreFoundation
0x000000000994c000 	/System/Library/Frameworks/Foundation.framework/Versions/C/Foundation
0x000000000994c000 	/System/Library/Frameworks/AppKit.framework/Versions/C/AppKit
0x000000000994c000 	/System/Library/Frameworks/CoreData.framework/Versions/A/CoreData
0x000000000994c000 	/System/Library/PrivateFrameworks/RemoteViewServices.framework/Versions/A/RemoteViewServices
0x000000000994c000 	/System/Library/PrivateFrameworks/UIFoundation.framework/Versions/A/UIFoundation
0x000000000994c000 	/System/Library/Frameworks/IOSurface.framework/Versions/A/IOSurface
0x000000000994c000 	/System/Library/Frameworks/AudioToolbox.framework/Versions/A/AudioToolbox
0x000000000994c000 	/System/Library/Frameworks/AudioUnit.framework/Versions/A/AudioUnit
0x000000000994c000 	/System/Library/PrivateFrameworks/DataDetectorsCore.framework/Versions/A/DataDetectorsCore
0x000000000994c000 	/System/Library/PrivateFrameworks/DesktopServicesPriv.framework/Versions/A/DesktopServicesPriv
0x000000000994c000 	/System/Library/Frameworks/Carbon.framework/Versions/A/Frameworks/HIToolbox.framework/Versions/A/HIToolbox
0x000000000994c000 	/System/Library/Frameworks/QuartzCore.framework/Versions/A/QuartzCore
0x000000000994c000 	/System/Library/Frameworks/Carbon.framework/Versions/A/Frameworks/SpeechRecognition.framework/Versions/A/SpeechRecognition
0x000000000994c000 	/usr/lib/libauto.dylib
0x000000000994c000 	/usr/lib/libicucore.A.dylib
0x000000000994c000 	/usr/lib/libxml2.2.dylib
0x000000000994c000 	/System/Library/PrivateFrameworks/CoreUI.framework/Versions/A/CoreUI
0x000000000994c000 	/System/Library/Frameworks/CoreAudio.framework/Versions/A/CoreAudio
0x000000000994c000 	/System/Library/Frameworks/DiskArbitration.framework/Versions/A/DiskArbitration
0x000000000994c000 	/usr/lib/liblangid.dylib
0x000000000994c000 	/System/Library/PrivateFrameworks/MultitouchSupport.framework/Versions/A/MultitouchSupport
0x000000000994c000 	/System/Library/Frameworks/IOKit.framework/Versions/A/IOKit
0x000000000994c000 	/usr/lib/libDiagnosticMessagesClient.dylib
0x000000000994c000 	/System/Library/Frameworks/CoreServices.framework/Versions/A/CoreServices
0x000000000994c000 	/System/Library/PrivateFrameworks/PerformanceAnalysis.framework/Versions/A/PerformanceAnalysis
0x000000000994c000 	/System/Library/PrivateFrameworks/GenerationalStorage.framework/Versions/A/GenerationalStorage
0x000000000994c000 	/System/Library/Frameworks/OpenGL.framework/Versions/A/OpenGL
0x000000000994c000 	/System/Library/PrivateFrameworks/Sharing.framework/Versions/A/Sharing
0x000000000994c000 	/System/Library/Frameworks/CoreGraphics.framework/Versions/A/CoreGraphics
0x000000000994c000 	/System/Library/Frameworks/CoreText.framework/Versions/A/CoreText
0x000000000994c000 	/System/Library/Frameworks/ImageIO.framework/Versions/A/ImageIO
0x000000000994c000 	/usr/lib/libextension.dylib
0x000000000994c000 	/System/Library/PrivateFrameworks/Backup.framework/Versions/A/Backup
0x000000000994c000 	/usr/lib/libarchive.2.dylib
0x000000000994c000 	/System/Library/Frameworks/CFNetwork.framework/Versions/A/CFNetwork
0x000000000994c000 	/System/Library/Frameworks/SystemConfiguration.framework/Versions/A/SystemConfiguration
0x000000000994c000 	/usr/lib/libCRFSuite.dylib
0x000000000994c000 	/usr/lib/libc++.1.dylib
0x000000000994c000 	/usr/lib/libc++abi.dylib
0x000000000994c000 	/usr/lib/system/libcache.dylib
0x000000000994c000 	/usr/lib/system/libcommonCrypto.dylib
0x000000000994c000 	/usr/lib/system/libcompiler_rt.dylib
0x000000000994c000 	/usr/lib/system/libcopyfile.dylib
0x000000000994c000 	/usr/lib/system/libcorecrypto.dylib
0x000000000994c000 	/usr/lib/system/libdispatch.dylib
0x000000000994c000 	/usr/lib/system/libdyld.dylib
0x000000000994c000 	/usr/lib/system/libkeymgr.dylib
0x000000000994c000 	/usr/lib/system/liblaunch.dylib
0x000000000994c000 	/usr/lib/system/libmacho.dylib
0x000000000994c000 	/usr/lib/system/libquarantine.dylib
0x000000000994c000 	/usr/lib/system/libremovefile.dylib
0x000000000994c000 	/usr/lib/system/libsystem_asl.dylib
0x000000000994c000 	/usr/lib/system/libsystem_blocks.dylib
0x000000000994c000 	/usr/lib/system/libsystem_c.dylib
0x000000000994c000 	/usr/lib/system/libsystem_configuration.dylib
0x000000000994c000 	/usr/lib/system/libsystem_coreservices.dylib
0x000000000994c000 	/usr/lib/system/libsystem_coretls.dylib
0x000000000994c000 	/usr/lib/system/libsystem_dnssd.dylib
0x000000000994c000 	/usr/lib/system/libsystem_info.dylib
0x000000000994c000 	/usr/lib/system/libsystem_kernel.dylib
0x000000000994c000 	/usr/lib/system/libsystem_m.dylib
0x000000000994c000 	/usr/lib/system/libsystem_malloc.dylib
0x000000000994c000 	/usr/lib/system/libsystem_network.dylib
0x000000000994c000 	/usr/lib/system/libsystem_networkextension.dylib
0x000000000994c000 	/usr/lib/system/libsystem_notify.dylib
0x000000000994c000 	/usr/lib/system/libsystem_platform.dylib
0x000000000994c000 	/usr/lib/system/libsystem_pthread.dylib
0x000000000994c000 	/usr/lib/system/libsystem_sandbox.dylib
0x000000000994c000 	/usr/lib/system/libsystem_secinit.dylib
0x000000000994c000 	/usr/lib/system/libsystem_stats.dylib
0x000000000994c000 	/usr/lib/system/libsystem_trace.dylib
0x000000000994c000 	/usr/lib/system/libunc.dylib
0x000000000994c000 	/usr/lib/system/libunwind.dylib
0x000000000994c000 	/usr/lib/system/libxpc.dylib
0x000000000994c000 	/usr/lib/libbz2.1.0.dylib
0x000000000994c000 	/usr/lib/liblzma.5.dylib
0x000000000994c000 	/usr/lib/libbsm.0.dylib
0x000000000994c000 	/usr/lib/libsqlite3.dylib
0x000000000994c000 	/usr/lib/system/libkxld.dylib
0x000000000994c000 	/usr/lib/libxar.1.dylib
0x000000000994c000 	/usr/lib/libpam.2.dylib
0x000000000994c000 	/usr/lib/libOpenScriptingUtil.dylib
0x000000000994c000 	/System/Library/Frameworks/CoreServices.framework/Versions/A/Frameworks/FSEvents.framework/Versions/A/FSEvents
0x000000000994c000 	/System/Library/Frameworks/CoreServices.framework/Versions/A/Frameworks/CarbonCore.framework/Versions/A/CarbonCore
0x000000000994c000 	/System/Library/Frameworks/CoreServices.framework/Versions/A/Frameworks/Metadata.framework/Versions/A/Metadata
0x000000000994c000 	/System/Library/Frameworks/CoreServices.framework/Versions/A/Frameworks/OSServices.framework/Versions/A/OSServices
0x000000000994c000 	/System/Library/Frameworks/CoreServices.framework/Versions/A/Frameworks/SearchKit.framework/Versions/A/SearchKit
0x000000000994c000 	/System/Library/Frameworks/CoreServices.framework/Versions/A/Frameworks/AE.framework/Versions/A/AE
0x000000000994c000 	/System/Library/Frameworks/CoreServices.framework/Versions/A/Frameworks/LaunchServices.framework/Versions/A/LaunchServices
0x000000000994c000 	/System/Library/Frameworks/CoreServices.framework/Versions/A/Frameworks/DictionaryServices.framework/Versions/A/DictionaryServices
0x000000000994c000 	/System/Library/Frameworks/NetFS.framework/Versions/A/NetFS
0x000000000994c000 	/System/Library/PrivateFrameworks/NetAuth.framework/Versions/A/NetAuth
0x000000000994c000 	/System/Library/PrivateFrameworks/login.framework/Versions/A/Frameworks/loginsupport.framework/Versions/A/loginsupport
0x000000000994c000 	/System/Library/PrivateFrameworks/TCC.framework/Versions/A/TCC
0x000000000994c000 	/usr/lib/libmecabra.dylib
0x000000000994c000 	/System/Library/Frameworks/ApplicationServices.framework/Versions/A/Frameworks/ATS.framework/Versions/A/ATS
0x000000000994c000 	/System/Library/Frameworks/ApplicationServices.framework/Versions/A/Frameworks/ColorSync.framework/Versions/A/ColorSync
0x000000000994c000 	/System/Library/Frameworks/ApplicationServices.framework/Versions/A/Frameworks/HIServices.framework/Versions/A/HIServices
0x000000000994c000 	/System/Library/Frameworks/ApplicationServices.framework/Versions/A/Frameworks/LangAnalysis.framework/Versions/A/LangAnalysis
0x000000000994c000 	/System/Library/Frameworks/ApplicationServices.framework/Versions/A/Frameworks/PrintCore.framework/Versions/A/PrintCore
0x000000000994c000 	/System/Library/Frameworks/ApplicationServices.framework/Versions/A/Frameworks/QD.framework/Versions/A/QD
0x000000000994c000 	/System/Library/Frameworks/ApplicationServices.framework/Versions/A/Frameworks/SpeechSynthesis.framework/Versions/A/SpeechSynthesis
0x000000000994c000 	/System/Library/Frameworks/Accelerate.framework/Versions/A/Accelerate
0x000000000994c000 	/System/Library/Frameworks/Accelerate.framework/Versions/A/Frameworks/vImage.framework/Versions/A/vImage
0x000000000994c000 	/System/Library/Frameworks/Accelerate.framework/Versions/A/Frameworks/vecLib.framework/Versions/A/vecLib
0x000000000994c000 	/System/Library/Frameworks/Accelerate.framework/Versions/A/Frameworks/vecLib.framework/Versions/A/libvDSP.dylib
0x000000000994c000 	/System/Library/Frameworks/Accelerate.framework/Versions/A/Frameworks/vecLib.framework/Versions/A/libvMisc.dylib
0x000000000994c000 	/System/Library/Frameworks/Accelerate.framework/Versions/A/Frameworks/vecLib.framework/Versions/A/libLAPACK.dylib
0x000000000994c000 	/System/Library/Frameworks/Accelerate.framework/Versions/A/Frameworks/vecLib.framework/Versions/A/libBLAS.dylib
0x000000000994c000 	/System/Library/Frameworks/Accelerate.framework/Versions/A/Frameworks/vecLib.framework/Versions/A/libLinearAlgebra.dylib
0x000000000994c000 	/System/Library/Frameworks/ApplicationServices.framework/Versions/A/Frameworks/ATS.framework/Versions/A/Resources/libFontParser.dylib
0x000000000994c000 	/System/Library/Frameworks/ApplicationServices.framework/Versions/A/Frameworks/ATS.framework/Versions/A/Resources/libFontRegistry.dylib
0x000000000994c000 	/System/Library/PrivateFrameworks/AppleVPA.framework/Versions/A/AppleVPA
0x000000000994c000 	/System/Library/PrivateFrameworks/AppleJPEG.framework/Versions/A/AppleJPEG
0x000000000994c000 	/System/Library/Frameworks/ImageIO.framework/Versions/A/Resources/libJPEG.dylib
0x000000000994c000 	/System/Library/Frameworks/ImageIO.framework/Versions/A/Resources/libTIFF.dylib
0x000000000994c000 	/System/Library/Frameworks/ImageIO.framework/Versions/A/Resources/libPng.dylib
0x000000000994c000 	/System/Library/Frameworks/ImageIO.framework/Versions/A/Resources/libGIF.dylib
0x000000000994c000 	/System/Library/Frameworks/ImageIO.framework/Versions/A/Resources/libJP2.dylib
0x000000000994c000 	/System/Library/Frameworks/ImageIO.framework/Versions/A/Resources/libRadiance.dylib
0x000000000994c000 	/System/Library/Frameworks/CoreVideo.framework/Versions/A/CoreVideo
0x000000000994c000 	/System/Library/Frameworks/OpenGL.framework/Versions/A/Libraries/libGLU.dylib
0x000000000994c000 	/System/Library/Frameworks/OpenGL.framework/Versions/A/Libraries/libGFXShared.dylib
0x000000000994c000 	/System/Library/Frameworks/OpenGL.framework/Versions/A/Libraries/libGL.dylib
0x000000000994c000 	/System/Library/Frameworks/OpenGL.framework/Versions/A/Libraries/libGLImage.dylib
0x000000000994c000 	/System/Library/Frameworks/OpenGL.framework/Versions/A/Libraries/libCVMSPluginSupport.dylib
0x000000000994c000 	/System/Library/Frameworks/OpenGL.framework/Versions/A/Libraries/libCoreVMClient.dylib
0x000000000994c000 	/usr/lib/libcups.2.dylib
0x000000000994c000 	/System/Library/Frameworks/Kerberos.framework/Versions/A/Kerberos
0x000000000994c000 	/System/Library/Frameworks/GSS.framework/Versions/A/GSS
0x000000000994c000 	/usr/lib/libresolv.9.dylib
0x000000000994c000 	/usr/lib/libiconv.2.dylib
0x000000000994c000 	/System/Library/PrivateFrameworks/Heimdal.framework/Versions/A/Heimdal
0x000000000994c000 	/usr/lib/libheimdal-asn1.dylib
0x000000000994c000 	/System/Library/Frameworks/OpenDirectory.framework/Versions/A/OpenDirectory
0x000000000994c000 	/System/Library/PrivateFrameworks/CommonAuth.framework/Versions/A/CommonAuth
0x000000000994c000 	/System/Library/Frameworks/OpenDirectory.framework/Versions/A/Frameworks/CFOpenDirectory.framework/Versions/A/CFOpenDirectory
0x000000000994c000 	/System/Library/Frameworks/SecurityFoundation.framework/Versions/A/SecurityFoundation
0x000000000994c000 	/System/Library/PrivateFrameworks/LanguageModeling.framework/Versions/A/LanguageModeling
0x000000000994c000 	/usr/lib/libcmph.dylib
0x000000000994c000 	/System/Library/Frameworks/ServiceManagement.framework/Versions/A/ServiceManagement
0x000000000994c000 	/usr/lib/libxslt.1.dylib
0x000000000994c000 	/System/Library/Frameworks/Carbon.framework/Versions/A/Frameworks/Ink.framework/Versions/A/Ink
0x000000000994c000 	/System/Library/Frameworks/QuartzCore.framework/Versions/A/Frameworks/CoreImage.framework/Versions/A/CoreImage
0x000000000994c000 	/System/Library/PrivateFrameworks/CrashReporterSupport.framework/Versions/A/CrashReporterSupport
0x000000000994c000 	/System/Library/Frameworks/OpenCL.framework/Versions/A/OpenCL
0x000000000994c000 	/System/Library/PrivateFrameworks/FaceCore.framework/Versions/A/FaceCore
0x000000000994c000 	/System/Library/PrivateFrameworks/Ubiquity.framework/Versions/A/Ubiquity
0x000000000994c000 	/System/Library/PrivateFrameworks/IconServices.framework/Versions/A/IconServices
0x000000000994c000 	/System/Library/PrivateFrameworks/ChunkingLibrary.framework/Versions/A/ChunkingLibrary
0x000000000994c000 	/System/Library/PrivateFrameworks/Apple80211.framework/Versions/A/Apple80211
0x000000000994c000 	/System/Library/Frameworks/CoreWLAN.framework/Versions/A/CoreWLAN
0x000000000994c000 	/System/Library/Frameworks/IOBluetooth.framework/Versions/A/IOBluetooth
0x000000000994c000 	/System/Library/PrivateFrameworks/CoreWiFi.framework/Versions/A/CoreWiFi
0x000000000994c000 	/System/Library/Frameworks/CoreBluetooth.framework/Versions/A/CoreBluetooth
0x000000000994c000 	/System/Library/PrivateFrameworks/DebugSymbols.framework/Versions/A/DebugSymbols
0x000000000994c000 	/System/Library/PrivateFrameworks/CoreSymbolication.framework/Versions/A/CoreSymbolication
0x000000000994c000 	/System/Library/PrivateFrameworks/Symbolication.framework/Versions/A/Symbolication
0x000000000994c000 	/System/Library/PrivateFrameworks/SpeechRecognitionCore.framework/Versions/A/SpeechRecognitionCore
0x0000000104000000 	/Library/Java/JavaVirtualMachines/jdk1.8.0_20.jdk/Contents/Home/jre/lib/server/libjvm.dylib
0x000000000994c000 	/usr/lib/libstdc++.6.dylib
0x0000000102f1d000 	/Library/Java/JavaVirtualMachines/jdk1.8.0_20.jdk/Contents/Home/jre/lib/libverify.dylib
0x0000000102f2b000 	/Library/Java/JavaVirtualMachines/jdk1.8.0_20.jdk/Contents/Home/jre/lib/libjava.dylib
0x0000000102f60000 	/Library/Java/JavaVirtualMachines/jdk1.8.0_20.jdk/Contents/Home/jre/lib/libjdwp.dylib
0x0000000102fab000 	/Library/Java/JavaVirtualMachines/jdk1.8.0_20.jdk/Contents/Home/jre/lib/libnpt.dylib
0x0000000102fb8000 	/Library/Java/JavaVirtualMachines/jdk1.8.0_20.jdk/Contents/Home/jre/lib/libzip.dylib
0x000000011c0f6000 	/System/Library/Frameworks/JavaVM.framework/Frameworks/JavaRuntimeSupport.framework/JavaRuntimeSupport
0x0000000102fea000 	/System/Library/Frameworks/JavaVM.framework/Versions/A/Frameworks/JavaNativeFoundation.framework/Versions/A/JavaNativeFoundation
0x000000011c10e000 	/System/Library/Frameworks/JavaVM.framework/Versions/A/JavaVM
0x000000000994c000 	/System/Library/Frameworks/Carbon.framework/Versions/A/Carbon
0x000000011c11b000 	/System/Library/PrivateFrameworks/JavaLaunching.framework/Versions/A/JavaLaunching
0x000000000994c000 	/System/Library/Frameworks/Carbon.framework/Versions/A/Frameworks/CommonPanels.framework/Versions/A/CommonPanels
0x000000000994c000 	/System/Library/Frameworks/Carbon.framework/Versions/A/Frameworks/Help.framework/Versions/A/Help
0x000000000994c000 	/System/Library/Frameworks/Carbon.framework/Versions/A/Frameworks/ImageCapture.framework/Versions/A/ImageCapture
0x000000000994c000 	/System/Library/Frameworks/Carbon.framework/Versions/A/Frameworks/OpenScripting.framework/Versions/A/OpenScripting
0x000000000994c000 	/System/Library/Frameworks/Carbon.framework/Versions/A/Frameworks/Print.framework/Versions/A/Print
0x000000000994c000 	/System/Library/Frameworks/Carbon.framework/Versions/A/Frameworks/SecurityHI.framework/Versions/A/SecurityHI
0x000000011dafc000 	/Library/Java/JavaVirtualMachines/jdk1.8.0_20.jdk/Contents/Home/jre/lib/libdt_socket.dylib

VM Arguments:
jvm_args: -agentlib:jdwp=transport=dt_socket,address=127.0.0.1:62862,suspend=y,server=n -ea -Dfile.encoding=UTF-8 
java_command: com.intellij.rt.execution.junit.JUnitStarter -ideVersion5 GraphAlgorithmsStudentTest
java_class_path (initial): /Applications/IntelliJ IDEA 14 CE.app/Contents/lib/idea_rt.jar:/Applications/IntelliJ IDEA 14 CE.app/Contents/plugins/junit/lib/junit-rt.jar:/Library/Java/JavaVirtualMachines/jdk1.8.0_20.jdk/Contents/Home/lib/ant-javafx.jar:/Library/Java/JavaVirtualMachines/jdk1.8.0_20.jdk/Contents/Home/lib/dt.jar:/Library/Java/JavaVirtualMachines/jdk1.8.0_20.jdk/Contents/Home/lib/javafx-mx.jar:/Library/Java/JavaVirtualMachines/jdk1.8.0_20.jdk/Contents/Home/lib/jconsole.jar:/Library/Java/JavaVirtualMachines/jdk1.8.0_20.jdk/Contents/Home/lib/sa-jdi.jar:/Library/Java/JavaVirtualMachines/jdk1.8.0_20.jdk/Contents/Home/lib/tools.jar:/Library/Java/JavaVirtualMachines/jdk1.8.0_20.jdk/Contents/Home/jre/lib/charsets.jar:/Library/Java/JavaVirtualMachines/jdk1.8.0_20.jdk/Contents/Home/jre/lib/deploy.jar:/Library/Java/JavaVirtualMachines/jdk1.8.0_20.jdk/Contents/Home/jre/lib/javaws.jar:/Library/Java/JavaVirtualMachines/jdk1.8.0_20.jdk/Contents/Home/jre/lib/jce.jar:/Library/Java/JavaVirtualMachines/jdk1.8.0_20.jdk/Contents/Home/jre/lib/jfr.jar:/Library/Java/JavaVirtualMachines/jdk1.8.0_20.jdk/Contents/Home/jre/lib/jfxswt.jar:/Library/Java/JavaVirtualMachines/jdk1.8.0_20.jdk/Contents/Home/jre/lib/jsse.jar:/Library/Java/JavaVirtualMachines/jdk1.8.0_20.jdk/Contents/Home/jre/lib/management-agent.jar:/Library/Java/JavaVirtualMachines/jdk1.8.0_20.jdk/Contents/Home/jre/lib/plugin.jar:/Library/Java/JavaVirtualMachines/jdk1.8.0_20.jdk/Contents/Home/jre/lib/resources.jar:/Library/Java/JavaVirtualMachines/jdk1.8.0_20.jdk/Contents/Home/jre/lib/rt.jar:/Library/Java/JavaVirtualMachines/jdk1.8.0_20.jdk/Contents/Home/jre/lib/ext/cldrdata.jar:/Library/Java/JavaVirtualMachines/jdk1.8.0_20.jdk/Contents/Home/jre/lib/ext/dnsns.jar:/Library/Java/JavaVirtualMachines/jdk1.8.0_20.jdk/Contents/Home/jre/lib/ext/jfxrt.jar:/Library/Java/JavaVirtualMachines/jdk1.8.0_20.jdk/Contents/Home/jre/lib/ext/localedata.jar:/Library/Java/JavaVirtualMachines/jdk1.8.0_20.jdk/Contents/Home/jre/lib/ext/nashorn.
Launcher Type: SUN_STANDARD

Environment Variables:
PATH=/usr/local/bin:/usr/bin:/bin:/usr/sbin:/sbin
SHELL=/bin/bash

Signal Handlers:
SIGSEGV: [libjvm.dylib+0x578fd7], sa_mask[0]=11111111011111110111111111111111, sa_flags=SA_ONSTACK|SA_RESTART|SA_SIGINFO
SIGBUS: [libjvm.dylib+0x578fd7], sa_mask[0]=11111111011111110111111111111111, sa_flags=SA_RESTART|SA_SIGINFO
SIGFPE: [libjvm.dylib+0x45ab0c], sa_mask[0]=11111111011111110111111111111111, sa_flags=SA_RESTART|SA_SIGINFO
SIGPIPE: [libjvm.dylib+0x45ab0c], sa_mask[0]=11111111011111110111111111111111, sa_flags=SA_RESTART|SA_SIGINFO
SIGXFSZ: [libjvm.dylib+0x45ab0c], sa_mask[0]=11111111011111110111111111111111, sa_flags=SA_RESTART|SA_SIGINFO
SIGILL: [libjvm.dylib+0x45ab0c], sa_mask[0]=11111111011111110111111111111111, sa_flags=SA_RESTART|SA_SIGINFO
SIGUSR1: SIG_DFL, sa_mask[0]=00000000000000000000000000000000, sa_flags=none
SIGUSR2: [libjvm.dylib+0x45a62a], sa_mask[0]=00100000000000000000000000000000, sa_flags=SA_RESTART|SA_SIGINFO
SIGHUP: [libjvm.dylib+0x458bfd], sa_mask[0]=11111111011111110111111111111111, sa_flags=SA_RESTART|SA_SIGINFO
SIGINT: [libjvm.dylib+0x458bfd], sa_mask[0]=11111111011111110111111111111111, sa_flags=SA_RESTART|SA_SIGINFO
SIGTERM: [libjvm.dylib+0x458bfd], sa_mask[0]=11111111011111110111111111111111, sa_flags=SA_RESTART|SA_SIGINFO
SIGQUIT: [libjvm.dylib+0x458bfd], sa_mask[0]=11111111011111110111111111111111, sa_flags=SA_RESTART|SA_SIGINFO


---------------  S Y S T E M  ---------------

OS:Bsduname:Darwin 14.3.0 Darwin Kernel Version 14.3.0: Thu Feb 12 18:38:33 PST 2015; root:xnu-2782.20.34~3/RELEASE_X86_64 x86_64
rlimit: STACK 8192k, CORE 0k, NPROC 709, NOFILE 10240, AS infinity
load average:3.23 3.27 3.35

CPU:total 8 (4 cores per cpu, 2 threads per core) family 6 model 70 stepping 1, cmov, cx8, fxsr, mmx, sse, sse2, sse3, ssse3, sse4.1, sse4.2, popcnt, avx, avx2, aes, clmul, erms, rtm, lzcnt, ht, tsc, tscinvbit, bmi1, bmi2

Memory: 4k page, physical 8388608k(100376k free)

/proc/meminfo:


vm_info: Java HotSpot(TM) 64-Bit Server VM (25.20-b23) for bsd-amd64 JRE (1.8.0_20-b26), built on Jul 30 2014 13:37:47 by "java_re" with gcc 4.2.1 (Based on Apple Inc. build 5658) (LLVM build 2336.9.00)

time: Wed Apr 15 13:41:21 2015
elapsed time: 20827 seconds (0d 5h 47m 7s)

